#
# There is insufficient memory for the Java Runtime Environment to continue.
# Native memory allocation (malloc) failed to allocate 154768 bytes for Chunk::new
# Possible reasons:
#   The system is out of physical RAM or swap space
#   The process is running with CompressedOops enabled, and the Java Heap may be blocking the growth of the native heap
# Possible solutions:
#   Reduce memory load on the system
#   Increase physical memory or swap space
#   Check if swap backing store is full
#   Decrease Java heap size (-Xmx/-Xms)
#   Decrease number of Java threads
#   Decrease Java thread stack sizes (-Xss)
#   Set larger code cache with -XX:ReservedCodeCacheSize=
#   JVM is running with Unscaled Compressed Oops mode in which the Java heap is
#     placed in the first 4GB address space. The Java Heap base address is the
#     maximum limit for the native heap growth. Please use -XX:HeapBaseMinAddress
#     to set the Java Heap base and to place the Java Heap above 4GB virtual address.
# This output file may be truncated or incomplete.
#
#  Out of Memory Error (arena.cpp:168), pid=17940, tid=7880
#
# JRE version: Java(TM) SE Runtime Environment (21.0.2+13) (build 21.0.2+13-LTS-58)
# Java VM: Java HotSpot(TM) 64-Bit Server VM (21.0.2+13-LTS-58, mixed mode, sharing, tiered, compressed oops, compressed class ptrs, g1 gc, windows-amd64)
# No core dump will be written. Minidumps are not enabled by default on client versions of Windows
#

---------------  S U M M A R Y ------------

Command Line: -ea -Didea.test.cyclic.buffer.size=1048576 -javaagent:C:\Program Files\JetBrains\IntelliJ IDEA Community Edition 2023.3.2\lib\idea_rt.jar=49459:C:\Program Files\JetBrains\IntelliJ IDEA Community Edition 2023.3.2\bin -Dfile.encoding=UTF-8 -Dsun.stdout.encoding=UTF-8 -Dsun.stderr.encoding=UTF-8 com.intellij.rt.testng.RemoteTestNGStarter -usedefaultlisteners false -socket49457 @w@C:\Users\HP\AppData\Local\Temp\idea_working_dirs_testng.tmp -temp C:\Users\HP\AppData\Local\Temp\idea_testng.tmp

Host: Intel(R) Core(TM) i3-2328M CPU @ 2.20GHz, 4 cores, 3G,  Windows 10 , 64 bit Build 19041 (10.0.19041.3636)
Time: Tue May 28 23:33:22 2024 India Standard Time elapsed time: 22.019133 seconds (0d 0h 0m 22s)

---------------  T H R E A D  ---------------

Current thread (0x00000289b1392610):  JavaThread "C2 CompilerThread0" daemon [_thread_in_native, id=7880, stack(0x00000097b1e00000,0x00000097b1f00000) (1024K)]


Current CompileTask:
C2:  22019 2273       4       java.util.HashSet::add (20 bytes)

Stack: [0x00000097b1e00000,0x00000097b1f00000]
Native frames: (J=compiled Java code, j=interpreted, Vv=VM code, C=native code)
V  [jvm.dll+0x6cade9]
V  [jvm.dll+0x8569c1]
V  [jvm.dll+0x858d2e]
V  [jvm.dll+0x859413]
V  [jvm.dll+0x280e56]
V  [jvm.dll+0xc3f3d]
V  [jvm.dll+0xc4473]
V  [jvm.dll+0x13fa0f]
V  [jvm.dll+0x65b9f5]
V  [jvm.dll+0x659f0d]
V  [jvm.dll+0x249a55]
V  [jvm.dll+0x2491b1]
V  [jvm.dll+0x1c9634]
V  [jvm.dll+0x258859]
V  [jvm.dll+0x256e3a]
V  [jvm.dll+0x3ef6c6]
V  [jvm.dll+0x7ff568]
V  [jvm.dll+0x6c953d]
C  [ucrtbase.dll+0x21bb2]
C  [KERNEL32.DLL+0x17344]
C  [ntdll.dll+0x526b1]


---------------  P R O C E S S  ---------------

Threads class SMR info:
_java_thread_list=0x00000289f73b4750, length=37, elements={
0x0000028996700780, 0x00000289b137aac0, 0x00000289b137cf30, 0x00000289b137f610,
0x00000289b1382400, 0x00000289b1382a90, 0x00000289b13816e0, 0x00000289b1392610,
0x00000289b1395c70, 0x00000289b13809c0, 0x00000289b1381050, 0x00000289b1381d70,
0x00000289b137fca0, 0x00000289f7af0ff0, 0x00000289f7aedb70, 0x00000289f7aea060,
0x00000289f7aee200, 0x00000289f7aee890, 0x00000289f7aed4e0, 0x00000289f7aeef20,
0x00000289f7aefc40, 0x00000289f7af1680, 0x00000289f7aef5b0, 0x00000289f7af02d0,
0x00000289f7af0960, 0x00000289f7aece50, 0x00000289f7aea6f0, 0x00000289f7aead80,
0x00000289f7aeb410, 0x00000289f7aebaa0, 0x00000289f7aec130, 0x00000289f7aec7c0,
0x00000289f783bc10, 0x00000289f783dce0, 0x00000289f783f090, 0x00000289f783a1d0,
0x00000289f7838100
}

Java Threads: ( => current thread )
  0x0000028996700780 JavaThread "Forwarding maximizeCurrentWindow on session 25772d405817194f8321f8f238269dca to remote"        [_thread_blocked, id=33828, stack(0x00000097b1000000,0x00000097b1100000) (1024K)]
  0x00000289b137aac0 JavaThread "Reference Handler"          daemon [_thread_blocked, id=30152, stack(0x00000097b1800000,0x00000097b1900000) (1024K)]
  0x00000289b137cf30 JavaThread "Finalizer"                  daemon [_thread_blocked, id=30076, stack(0x00000097b1900000,0x00000097b1a00000) (1024K)]
  0x00000289b137f610 JavaThread "Signal Dispatcher"          daemon [_thread_blocked, id=27500, stack(0x00000097b1a00000,0x00000097b1b00000) (1024K)]
  0x00000289b1382400 JavaThread "Attach Listener"            daemon [_thread_blocked, id=25928, stack(0x00000097b1b00000,0x00000097b1c00000) (1024K)]
  0x00000289b1382a90 JavaThread "Service Thread"             daemon [_thread_blocked, id=10744, stack(0x00000097b1c00000,0x00000097b1d00000) (1024K)]
  0x00000289b13816e0 JavaThread "Monitor Deflation Thread"   daemon [_thread_blocked, id=20744, stack(0x00000097b1d00000,0x00000097b1e00000) (1024K)]
=>0x00000289b1392610 JavaThread "C2 CompilerThread0"         daemon [_thread_in_native, id=7880, stack(0x00000097b1e00000,0x00000097b1f00000) (1024K)]
  0x00000289b1395c70 JavaThread "C1 CompilerThread0"         daemon [_thread_blocked, id=29108, stack(0x00000097b1f00000,0x00000097b2000000) (1024K)]
  0x00000289b13809c0 JavaThread "Common-Cleaner"             daemon [_thread_blocked, id=31632, stack(0x00000097b2000000,0x00000097b2100000) (1024K)]
  0x00000289b1381050 JavaThread "Monitor Ctrl-Break"         daemon [_thread_in_native, id=31268, stack(0x00000097b2100000,0x00000097b2200000) (1024K)]
  0x00000289b1381d70 JavaThread "Notification Thread"        daemon [_thread_blocked, id=27416, stack(0x00000097b2200000,0x00000097b2300000) (1024K)]
  0x00000289b137fca0 JavaThread "ForkJoinPool.commonPool-worker-1" daemon [_thread_blocked, id=35860, stack(0x00000097b2600000,0x00000097b2700000) (1024K)]
  0x00000289f7af0ff0 JavaThread "HttpClient-1-SelectorManager" daemon [_thread_in_native, id=7280, stack(0x00000097b2700000,0x00000097b2800000) (1024K)]
  0x00000289f7aedb70 JavaThread "External Process Output Forwarder - C:\Users\HP\.cache\selenium\chromedriver\win64\124.0.6367.207\chromedriver.exe" daemon [_thread_in_native, id=29392, stack(0x00000097b2800000,0x00000097b2900000) (1024K)]
  0x00000289f7aea060 JavaThread "Driver Service Executor"    daemon [_thread_blocked, id=38856, stack(0x00000097b2900000,0x00000097b2a00000) (1024K)]
  0x00000289f7aee200 JavaThread "Driver Service Executor"    daemon [_thread_in_native, id=38284, stack(0x00000097b2a00000,0x00000097b2b00000) (1024K)]
  0x00000289f7aee890 JavaThread "UrlChecker-2"               daemon [_thread_blocked, id=32500, stack(0x00000097b2b00000,0x00000097b2c00000) (1024K)]
  0x00000289f7aed4e0 JavaThread "pool-1-thread-1"                   [_thread_blocked, id=37472, stack(0x00000097b2e00000,0x00000097b2f00000) (1024K)]
  0x00000289f7aeef20 JavaThread "pool-1-thread-2"                   [_thread_blocked, id=38256, stack(0x00000097b2f00000,0x00000097b3000000) (1024K)]
  0x00000289f7aefc40 JavaThread "pool-1-thread-3"                   [_thread_blocked, id=30868, stack(0x00000097b3000000,0x00000097b3100000) (1024K)]
  0x00000289f7af1680 JavaThread "HttpClient-2-SelectorManager" daemon [_thread_in_native, id=9480, stack(0x00000097b3100000,0x00000097b3200000) (1024K)]
  0x00000289f7aef5b0 JavaThread "pool-2-thread-1"                   [_thread_blocked, id=16420, stack(0x00000097b3200000,0x00000097b3300000) (1024K)]
  0x00000289f7af02d0 JavaThread "pool-2-thread-2"                   [_thread_blocked, id=30984, stack(0x00000097b3300000,0x00000097b3400000) (1024K)]
  0x00000289f7af0960 JavaThread "pool-2-thread-3"                   [_thread_blocked, id=38060, stack(0x00000097b3400000,0x00000097b3500000) (1024K)]
  0x00000289f7aece50 JavaThread "HttpClient-3-SelectorManager" daemon [_thread_in_native, id=38792, stack(0x00000097b2d00000,0x00000097b2e00000) (1024K)]
  0x00000289f7aea6f0 JavaThread "External Process Output Forwarder - C:\Users\HP\.cache\selenium\chromedriver\win64\124.0.6367.207\chromedriver.exe" daemon [_thread_in_native, id=31028, stack(0x00000097b3500000,0x00000097b3600000) (1024K)]
  0x00000289f7aead80 JavaThread "Driver Service Executor"    daemon [_thread_blocked, id=31568, stack(0x00000097b3600000,0x00000097b3700000) (1024K)]
  0x00000289f7aeb410 JavaThread "Driver Service Executor"    daemon [_thread_in_native, id=28544, stack(0x00000097b3700000,0x00000097b3800000) (1024K)]
  0x00000289f7aebaa0 JavaThread "Keep-Alive-Timer"           daemon [_thread_blocked, id=23528, stack(0x00000097b3800000,0x00000097b3900000) (1024K)]
  0x00000289f7aec130 JavaThread "pool-3-thread-1"                   [_thread_blocked, id=33716, stack(0x00000097b3900000,0x00000097b3a00000) (1024K)]
  0x00000289f7aec7c0 JavaThread "pool-3-thread-2"                   [_thread_blocked, id=28836, stack(0x00000097b3a00000,0x00000097b3b00000) (1024K)]
  0x00000289f783bc10 JavaThread "HttpClient-4-SelectorManager" daemon [_thread_in_native, id=31036, stack(0x00000097b3b00000,0x00000097b3c00000) (1024K)]
  0x00000289f783dce0 JavaThread "pool-4-thread-1"                   [_thread_blocked, id=36024, stack(0x00000097b3c00000,0x00000097b3d00000) (1024K)]
  0x00000289f783f090 JavaThread "pool-4-thread-2"                   [_thread_blocked, id=36476, stack(0x00000097b3d00000,0x00000097b3e00000) (1024K)]
  0x00000289f783a1d0 JavaThread "pool-4-thread-3"                   [_thread_blocked, id=37104, stack(0x00000097b3e00000,0x00000097b3f00000) (1024K)]
  0x00000289f7838100 JavaThread "pool-3-thread-3"                   [_thread_blocked, id=31564, stack(0x00000097b3f00000,0x00000097b4000000) (1024K)]
Total: 37

Other Threads:
  0x00000289967be3e0 VMThread "VM Thread"                           [id=17032, stack(0x00000097b1700000,0x00000097b1800000) (1024K)]
  0x00000289967a4e20 WatcherThread "VM Periodic Task Thread"        [id=33180, stack(0x00000097b1600000,0x00000097b1700000) (1024K)]
  0x0000028996737440 WorkerThread "GC Thread#0"                     [id=33336, stack(0x00000097b1100000,0x00000097b1200000) (1024K)]
  0x00000289f72f5a30 WorkerThread "GC Thread#1"                     [id=11108, stack(0x00000097b2300000,0x00000097b2400000) (1024K)]
  0x00000289f730d000 WorkerThread "GC Thread#2"                     [id=12172, stack(0x00000097b2400000,0x00000097b2500000) (1024K)]
  0x00000289f730dbb0 WorkerThread "GC Thread#3"                     [id=16156, stack(0x00000097b2500000,0x00000097b2600000) (1024K)]
  0x00000289967411b0 ConcurrentGCThread "G1 Main Marker"            [id=34236, stack(0x00000097b1200000,0x00000097b1300000) (1024K)]
  0x0000028996742360 WorkerThread "G1 Conc#0"                       [id=30840, stack(0x00000097b1300000,0x00000097b1400000) (1024K)]
  0x0000028996797670 ConcurrentGCThread "G1 Refine#0"               [id=18124, stack(0x00000097b1400000,0x00000097b1500000) (1024K)]
  0x00000289967980f0 ConcurrentGCThread "G1 Service"                [id=38224, stack(0x00000097b1500000,0x00000097b1600000) (1024K)]
Total: 10

Threads with active compile tasks:
C2 CompilerThread0    22111 2273       4       java.util.HashSet::add (20 bytes)
Total: 1

VM state: not at safepoint (normal execution)

VM Mutex/Monitor currently owned by a thread: None

Heap address: 0x00000000c1a00000, size: 998 MB, Compressed Oops mode: 32-bit

CDS archive(s) mapped at: [0x00000289b2000000-0x00000289b2c90000-0x00000289b2c90000), size 13172736, SharedBaseAddress: 0x00000289b2000000, ArchiveRelocationMode: 1.
Compressed class space mapped at: 0x00000289b3000000-0x00000289f3000000, reserved size: 1073741824
Narrow klass base: 0x00000289b2000000, Narrow klass shift: 0, Narrow klass range: 0x100000000

GC Precious Log:
 CardTable entry size: 512
 Card Set container configuration: InlinePtr #cards 5 size 8 Array Of Cards #cards 12 size 40 Howl #buckets 4 coarsen threshold 1843 Howl Bitmap #cards 512 size 80 coarsen threshold 460 Card regions per heap region 1 cards per card region 2048
 CPUs: 4 total, 4 available
 Memory: 3989M
 Large Page Support: Disabled
 NUMA Support: Disabled
 Compressed Oops: Enabled (32-bit)
 Heap Region Size: 1M
 Heap Min Capacity: 8M
 Heap Initial Capacity: 64M
 Heap Max Capacity: 998M
 Pre-touch: Disabled
 Parallel Workers: 4
 Concurrent Workers: 1
 Concurrent Refinement Workers: 4
 Periodic GC: Disabled

Heap:
 garbage-first heap   total 65536K, used 23321K [0x00000000c1a00000, 0x0000000100000000)
  region size 1024K, 19 young (19456K), 2 survivors (2048K)
 Metaspace       used 16436K, committed 16896K, reserved 1114112K
  class space    used 1981K, committed 2176K, reserved 1048576K

Heap Regions: E=young(eden), S=young(survivor), O=old, HS=humongous(starts), HC=humongous(continues), CS=collection set, F=free, TAMS=top-at-mark-start, PB=parsable bottom
|   0|0x00000000c1a00000, 0x00000000c1b00000, 0x00000000c1b00000|100%| O|  |TAMS 0x00000000c1a00000| PB 0x00000000c1a00000| Untracked 
|   1|0x00000000c1b00000, 0x00000000c1c00000, 0x00000000c1c00000|100%| O|  |TAMS 0x00000000c1b00000| PB 0x00000000c1b00000| Untracked 
|   2|0x00000000c1c00000, 0x00000000c1d00000, 0x00000000c1d00000|100%| O|  |TAMS 0x00000000c1c00000| PB 0x00000000c1c00000| Untracked 
|   3|0x00000000c1d00000, 0x00000000c1e00000, 0x00000000c1e00000|100%| O|  |TAMS 0x00000000c1d00000| PB 0x00000000c1d00000| Untracked 
|   4|0x00000000c1e00000, 0x00000000c1ec6740, 0x00000000c1f00000| 77%| O|  |TAMS 0x00000000c1e00000| PB 0x00000000c1e00000| Untracked 
|   5|0x00000000c1f00000, 0x00000000c1f00000, 0x00000000c2000000|  0%| F|  |TAMS 0x00000000c1f00000| PB 0x00000000c1f00000| Untracked 
|   6|0x00000000c2000000, 0x00000000c2000000, 0x00000000c2100000|  0%| F|  |TAMS 0x00000000c2000000| PB 0x00000000c2000000| Untracked 
|   7|0x00000000c2100000, 0x00000000c2100000, 0x00000000c2200000|  0%| F|  |TAMS 0x00000000c2100000| PB 0x00000000c2100000| Untracked 
|   8|0x00000000c2200000, 0x00000000c2200000, 0x00000000c2300000|  0%| F|  |TAMS 0x00000000c2200000| PB 0x00000000c2200000| Untracked 
|   9|0x00000000c2300000, 0x00000000c2300000, 0x00000000c2400000|  0%| F|  |TAMS 0x00000000c2300000| PB 0x00000000c2300000| Untracked 
|  10|0x00000000c2400000, 0x00000000c2400000, 0x00000000c2500000|  0%| F|  |TAMS 0x00000000c2400000| PB 0x00000000c2400000| Untracked 
|  11|0x00000000c2500000, 0x00000000c2500000, 0x00000000c2600000|  0%| F|  |TAMS 0x00000000c2500000| PB 0x00000000c2500000| Untracked 
|  12|0x00000000c2600000, 0x00000000c2600000, 0x00000000c2700000|  0%| F|  |TAMS 0x00000000c2600000| PB 0x00000000c2600000| Untracked 
|  13|0x00000000c2700000, 0x00000000c2700000, 0x00000000c2800000|  0%| F|  |TAMS 0x00000000c2700000| PB 0x00000000c2700000| Untracked 
|  14|0x00000000c2800000, 0x00000000c2800000, 0x00000000c2900000|  0%| F|  |TAMS 0x00000000c2800000| PB 0x00000000c2800000| Untracked 
|  15|0x00000000c2900000, 0x00000000c2900000, 0x00000000c2a00000|  0%| F|  |TAMS 0x00000000c2900000| PB 0x00000000c2900000| Untracked 
|  16|0x00000000c2a00000, 0x00000000c2a00000, 0x00000000c2b00000|  0%| F|  |TAMS 0x00000000c2a00000| PB 0x00000000c2a00000| Untracked 
|  17|0x00000000c2b00000, 0x00000000c2b00000, 0x00000000c2c00000|  0%| F|  |TAMS 0x00000000c2b00000| PB 0x00000000c2b00000| Untracked 
|  18|0x00000000c2c00000, 0x00000000c2c00000, 0x00000000c2d00000|  0%| F|  |TAMS 0x00000000c2c00000| PB 0x00000000c2c00000| Untracked 
|  19|0x00000000c2d00000, 0x00000000c2d00000, 0x00000000c2e00000|  0%| F|  |TAMS 0x00000000c2d00000| PB 0x00000000c2d00000| Untracked 
|  20|0x00000000c2e00000, 0x00000000c2e00000, 0x00000000c2f00000|  0%| F|  |TAMS 0x00000000c2e00000| PB 0x00000000c2e00000| Untracked 
|  21|0x00000000c2f00000, 0x00000000c2f00000, 0x00000000c3000000|  0%| F|  |TAMS 0x00000000c2f00000| PB 0x00000000c2f00000| Untracked 
|  22|0x00000000c3000000, 0x00000000c3000000, 0x00000000c3100000|  0%| F|  |TAMS 0x00000000c3000000| PB 0x00000000c3000000| Untracked 
|  23|0x00000000c3100000, 0x00000000c3100000, 0x00000000c3200000|  0%| F|  |TAMS 0x00000000c3100000| PB 0x00000000c3100000| Untracked 
|  24|0x00000000c3200000, 0x00000000c3200000, 0x00000000c3300000|  0%| F|  |TAMS 0x00000000c3200000| PB 0x00000000c3200000| Untracked 
|  25|0x00000000c3300000, 0x00000000c3300000, 0x00000000c3400000|  0%| F|  |TAMS 0x00000000c3300000| PB 0x00000000c3300000| Untracked 
|  26|0x00000000c3400000, 0x00000000c3400000, 0x00000000c3500000|  0%| F|  |TAMS 0x00000000c3400000| PB 0x00000000c3400000| Untracked 
|  27|0x00000000c3500000, 0x00000000c3500000, 0x00000000c3600000|  0%| F|  |TAMS 0x00000000c3500000| PB 0x00000000c3500000| Untracked 
|  28|0x00000000c3600000, 0x00000000c3600000, 0x00000000c3700000|  0%| F|  |TAMS 0x00000000c3600000| PB 0x00000000c3600000| Untracked 
|  29|0x00000000c3700000, 0x00000000c3700000, 0x00000000c3800000|  0%| F|  |TAMS 0x00000000c3700000| PB 0x00000000c3700000| Untracked 
|  30|0x00000000c3800000, 0x00000000c3800000, 0x00000000c3900000|  0%| F|  |TAMS 0x00000000c3800000| PB 0x00000000c3800000| Untracked 
|  31|0x00000000c3900000, 0x00000000c3900000, 0x00000000c3a00000|  0%| F|  |TAMS 0x00000000c3900000| PB 0x00000000c3900000| Untracked 
|  32|0x00000000c3a00000, 0x00000000c3a00000, 0x00000000c3b00000|  0%| F|  |TAMS 0x00000000c3a00000| PB 0x00000000c3a00000| Untracked 
|  33|0x00000000c3b00000, 0x00000000c3b00000, 0x00000000c3c00000|  0%| F|  |TAMS 0x00000000c3b00000| PB 0x00000000c3b00000| Untracked 
|  34|0x00000000c3c00000, 0x00000000c3c00000, 0x00000000c3d00000|  0%| F|  |TAMS 0x00000000c3c00000| PB 0x00000000c3c00000| Untracked 
|  35|0x00000000c3d00000, 0x00000000c3d00000, 0x00000000c3e00000|  0%| F|  |TAMS 0x00000000c3d00000| PB 0x00000000c3d00000| Untracked 
|  36|0x00000000c3e00000, 0x00000000c3e00000, 0x00000000c3f00000|  0%| F|  |TAMS 0x00000000c3e00000| PB 0x00000000c3e00000| Untracked 
|  37|0x00000000c3f00000, 0x00000000c3f00000, 0x00000000c4000000|  0%| F|  |TAMS 0x00000000c3f00000| PB 0x00000000c3f00000| Untracked 
|  38|0x00000000c4000000, 0x00000000c4000000, 0x00000000c4100000|  0%| F|  |TAMS 0x00000000c4000000| PB 0x00000000c4000000| Untracked 
|  39|0x00000000c4100000, 0x00000000c4100000, 0x00000000c4200000|  0%| F|  |TAMS 0x00000000c4100000| PB 0x00000000c4100000| Untracked 
|  40|0x00000000c4200000, 0x00000000c4200000, 0x00000000c4300000|  0%| F|  |TAMS 0x00000000c4200000| PB 0x00000000c4200000| Untracked 
|  41|0x00000000c4300000, 0x00000000c4300000, 0x00000000c4400000|  0%| F|  |TAMS 0x00000000c4300000| PB 0x00000000c4300000| Untracked 
|  42|0x00000000c4400000, 0x00000000c4400000, 0x00000000c4500000|  0%| F|  |TAMS 0x00000000c4400000| PB 0x00000000c4400000| Untracked 
|  43|0x00000000c4500000, 0x00000000c4500000, 0x00000000c4600000|  0%| F|  |TAMS 0x00000000c4500000| PB 0x00000000c4500000| Untracked 
|  44|0x00000000c4600000, 0x00000000c4600000, 0x00000000c4700000|  0%| F|  |TAMS 0x00000000c4600000| PB 0x00000000c4600000| Untracked 
|  45|0x00000000c4700000, 0x00000000c47f90a8, 0x00000000c4800000| 97%| E|  |TAMS 0x00000000c4700000| PB 0x00000000c4700000| Complete 
|  46|0x00000000c4800000, 0x00000000c4900000, 0x00000000c4900000|100%| E|CS|TAMS 0x00000000c4800000| PB 0x00000000c4800000| Complete 
|  47|0x00000000c4900000, 0x00000000c4a00000, 0x00000000c4a00000|100%| S|CS|TAMS 0x00000000c4900000| PB 0x00000000c4900000| Complete 
|  48|0x00000000c4a00000, 0x00000000c4b00000, 0x00000000c4b00000|100%| S|CS|TAMS 0x00000000c4a00000| PB 0x00000000c4a00000| Complete 
|  49|0x00000000c4b00000, 0x00000000c4c00000, 0x00000000c4c00000|100%| E|CS|TAMS 0x00000000c4b00000| PB 0x00000000c4b00000| Complete 
|  50|0x00000000c4c00000, 0x00000000c4d00000, 0x00000000c4d00000|100%| E|CS|TAMS 0x00000000c4c00000| PB 0x00000000c4c00000| Complete 
|  51|0x00000000c4d00000, 0x00000000c4e00000, 0x00000000c4e00000|100%| E|CS|TAMS 0x00000000c4d00000| PB 0x00000000c4d00000| Complete 
|  52|0x00000000c4e00000, 0x00000000c4f00000, 0x00000000c4f00000|100%| E|CS|TAMS 0x00000000c4e00000| PB 0x00000000c4e00000| Complete 
|  53|0x00000000c4f00000, 0x00000000c5000000, 0x00000000c5000000|100%| E|CS|TAMS 0x00000000c4f00000| PB 0x00000000c4f00000| Complete 
|  54|0x00000000c5000000, 0x00000000c5100000, 0x00000000c5100000|100%| E|CS|TAMS 0x00000000c5000000| PB 0x00000000c5000000| Complete 
|  55|0x00000000c5100000, 0x00000000c5200000, 0x00000000c5200000|100%| E|CS|TAMS 0x00000000c5100000| PB 0x00000000c5100000| Complete 
|  56|0x00000000c5200000, 0x00000000c5300000, 0x00000000c5300000|100%| E|CS|TAMS 0x00000000c5200000| PB 0x00000000c5200000| Complete 
|  57|0x00000000c5300000, 0x00000000c5400000, 0x00000000c5400000|100%| E|CS|TAMS 0x00000000c5300000| PB 0x00000000c5300000| Complete 
|  58|0x00000000c5400000, 0x00000000c5500000, 0x00000000c5500000|100%| E|CS|TAMS 0x00000000c5400000| PB 0x00000000c5400000| Complete 
|  59|0x00000000c5500000, 0x00000000c5600000, 0x00000000c5600000|100%| E|CS|TAMS 0x00000000c5500000| PB 0x00000000c5500000| Complete 
|  60|0x00000000c5600000, 0x00000000c5700000, 0x00000000c5700000|100%| E|CS|TAMS 0x00000000c5600000| PB 0x00000000c5600000| Complete 
|  61|0x00000000c5700000, 0x00000000c5800000, 0x00000000c5800000|100%| E|CS|TAMS 0x00000000c5700000| PB 0x00000000c5700000| Complete 
|  62|0x00000000c5800000, 0x00000000c5900000, 0x00000000c5900000|100%| E|CS|TAMS 0x00000000c5800000| PB 0x00000000c5800000| Complete 
|  63|0x00000000c5900000, 0x00000000c5a00000, 0x00000000c5a00000|100%| E|CS|TAMS 0x00000000c5900000| PB 0x00000000c5900000| Complete 

Card table byte_map: [0x00000289add70000,0x00000289adf70000] _byte_map_base: 0x00000289ad763000

Marking Bits: (CMBitMap*) 0x0000028996737a50
 Bits: [0x00000289adf70000, 0x00000289aef08000)

Polling page: 0x0000028994580000

Metaspace:

Usage:
  Non-class:     14.12 MB used.
      Class:      1.93 MB used.
       Both:     16.05 MB used.

Virtual space:
  Non-class space:       64.00 MB reserved,      14.38 MB ( 22%) committed,  1 nodes.
      Class space:        1.00 GB reserved,       2.12 MB ( <1%) committed,  1 nodes.
             Both:        1.06 GB reserved,      16.50 MB (  2%) committed. 

Chunk freelists:
   Non-Class:  1.20 MB
       Class:  13.83 MB
        Both:  15.03 MB

MaxMetaspaceSize: unlimited
CompressedClassSpaceSize: 1.00 GB
Initial GC threshold: 21.00 MB
Current GC threshold: 21.00 MB
CDS: on
 - commit_granule_bytes: 65536.
 - commit_granule_words: 8192.
 - virtual_space_node_default_size: 8388608.
 - enlarge_chunks_in_place: 1.
 - use_allocation_guard: 0.


Internal statistics:

num_allocs_failed_limit: 0.
num_arena_births: 512.
num_arena_deaths: 0.
num_vsnodes_births: 2.
num_vsnodes_deaths: 0.
num_space_committed: 264.
num_space_uncommitted: 0.
num_chunks_returned_to_freelist: 0.
num_chunks_taken_from_freelist: 980.
num_chunk_merges: 0.
num_chunk_splits: 565.
num_chunks_enlarged: 286.
num_inconsistent_stats: 0.

CodeHeap 'non-profiled nmethods': size=120000Kb used=827Kb max_used=827Kb free=119172Kb
 bounds [0x00000289a6640000, 0x00000289a68b0000, 0x00000289adb70000]
CodeHeap 'profiled nmethods': size=120000Kb used=4290Kb max_used=4290Kb free=115709Kb
 bounds [0x000002899eb70000, 0x000002899efb0000, 0x00000289a60a0000]
CodeHeap 'non-nmethods': size=5760Kb used=1515Kb max_used=1530Kb free=4244Kb
 bounds [0x00000289a60a0000, 0x00000289a6310000, 0x00000289a6640000]
 total_blobs=2863 nmethods=2278 adapters=489
 compilation: enabled
              stopped_count=0, restarted_count=0
 full_count=0

Compilation events (20 events):
Event: 21.963 Thread 0x00000289b1395c70 nmethod 2269 0x000002899ef99590 code [0x000002899ef99b40, 0x000002899ef9c708]
Event: 21.963 Thread 0x00000289b1395c70 2271       3       java.util.regex.Matcher::start (18 bytes)
Event: 21.963 Thread 0x00000289b1392610 2273       4       java.util.HashSet::add (20 bytes)
Event: 21.964 Thread 0x00000289b1395c70 nmethod 2271 0x000002899ef9d910 code [0x000002899ef9db00, 0x000002899ef9dea8]
Event: 21.964 Thread 0x00000289b1395c70 2272       3       java.util.TreeMap$PrivateEntryIterator::hasNext (13 bytes)
Event: 21.964 Thread 0x00000289b1395c70 nmethod 2272 0x000002899ef9e010 code [0x000002899ef9e1a0, 0x000002899ef9e308]
Event: 21.964 Thread 0x00000289b1395c70 2270       3       java.util.regex.ASCII::isDigit (18 bytes)
Event: 21.964 Thread 0x00000289b1395c70 nmethod 2270 0x000002899ef9e390 code [0x000002899ef9e520, 0x000002899ef9e678]
Event: 21.964 Thread 0x00000289b1395c70 2274       3       java.util.TreeMap::get (19 bytes)
Event: 21.964 Thread 0x00000289b1395c70 nmethod 2274 0x000002899ef9e710 code [0x000002899ef9e8c0, 0x000002899ef9ea78]
Event: 21.966 Thread 0x00000289b1395c70 2275       3       java.util.stream.FindOps::makeRef (14 bytes)
Event: 21.966 Thread 0x00000289b1395c70 nmethod 2275 0x000002899ef9eb90 code [0x000002899ef9ed40, 0x000002899ef9eeb0]
Event: 21.966 Thread 0x00000289b1395c70 2276       3       java.util.stream.FindOps$FindSink$OfRef::<init> (5 bytes)
Event: 21.966 Thread 0x00000289b1395c70 nmethod 2276 0x000002899ef9ef10 code [0x000002899ef9f0c0, 0x000002899ef9f288]
Event: 21.966 Thread 0x00000289b1395c70 2277       3       java.util.stream.FindOps$FindSink$OfRef::get (5 bytes)
Event: 21.967 Thread 0x00000289b1395c70 nmethod 2277 0x000002899ef9f390 code [0x000002899ef9f580, 0x000002899ef9fa98]
Event: 21.967 Thread 0x00000289b1395c70 2278       3       java.util.concurrent.CompletableFuture::unipush (44 bytes)
Event: 21.968 Thread 0x00000289b1395c70 nmethod 2278 0x000002899ef9fc90 code [0x000002899ef9fe80, 0x000002899efa0398]
Event: 21.970 Thread 0x00000289b1395c70 2279       3       java.util.concurrent.CompletableFuture$UniCompletion::<init> (20 bytes)
Event: 21.971 Thread 0x00000289b1395c70 nmethod 2279 0x000002899efa0510 code [0x000002899efa06c0, 0x000002899efa09f8]

GC Heap History (4 events):
Event: 1.857 GC heap before
{Heap before GC invocations=0 (full 0):
 garbage-first heap   total 65536K, used 13312K [0x00000000c1a00000, 0x0000000100000000)
  region size 1024K, 13 young (13312K), 0 survivors (0K)
 Metaspace       used 5530K, committed 5824K, reserved 1114112K
  class space    used 585K, committed 704K, reserved 1048576K
}
Event: 1.872 GC heap after
{Heap after GC invocations=1 (full 0):
 garbage-first heap   total 65536K, used 4288K [0x00000000c1a00000, 0x0000000100000000)
  region size 1024K, 2 young (2048K), 2 survivors (2048K)
 Metaspace       used 5530K, committed 5824K, reserved 1114112K
  class space    used 585K, committed 704K, reserved 1048576K
}
Event: 6.241 GC heap before
{Heap before GC invocations=1 (full 0):
 garbage-first heap   total 65536K, used 16576K [0x00000000c1a00000, 0x0000000100000000)
  region size 1024K, 15 young (15360K), 2 survivors (2048K)
 Metaspace       used 11255K, committed 11712K, reserved 1114112K
  class space    used 1309K, committed 1536K, reserved 1048576K
}
Event: 6.258 GC heap after
{Heap after GC invocations=2 (full 0):
 garbage-first heap   total 65536K, used 6937K [0x00000000c1a00000, 0x0000000100000000)
  region size 1024K, 2 young (2048K), 2 survivors (2048K)
 Metaspace       used 11255K, committed 11712K, reserved 1114112K
  class space    used 1309K, committed 1536K, reserved 1048576K
}

Dll operation events (12 events):
Event: 0.029 Loaded shared library C:\Program Files\Java\jdk-21\bin\java.dll
Event: 0.176 Loaded shared library C:\Program Files\Java\jdk-21\bin\jsvml.dll
Event: 0.411 Loaded shared library C:\Program Files\Java\jdk-21\bin\zip.dll
Event: 0.430 Loaded shared library C:\Program Files\Java\jdk-21\bin\instrument.dll
Event: 0.442 Loaded shared library C:\Program Files\Java\jdk-21\bin\net.dll
Event: 0.448 Loaded shared library C:\Program Files\Java\jdk-21\bin\nio.dll
Event: 0.462 Loaded shared library C:\Program Files\Java\jdk-21\bin\zip.dll
Event: 0.498 Loaded shared library C:\Program Files\JetBrains\IntelliJ IDEA Community Edition 2023.3.2\bin\breakgen64.dll
Event: 0.523 Loaded shared library C:\Program Files\Java\jdk-21\bin\extnet.dll
Event: 0.716 Loaded shared library C:\Program Files\Java\jdk-21\bin\verify.dll
Event: 0.729 Loaded shared library C:\Program Files\Java\jdk-21\bin\jimage.dll
Event: 5.936 Loaded shared library C:\Program Files\Java\jdk-21\bin\sunmscapi.dll

Deoptimization events (20 events):
Event: 6.631 Thread 0x0000028996700780 Uncommon trap: trap_request=0xffffffde fr.pc=0x00000289a66dc28c relative=0x00000000000002cc
Event: 6.631 Thread 0x0000028996700780 Uncommon trap: reason=class_check action=maybe_recompile pc=0x00000289a66dc28c method=java.util.regex.Matcher.search(I)Z @ 121 c2
Event: 6.631 Thread 0x0000028996700780 DEOPT PACKING pc=0x00000289a66dc28c sp=0x00000097b10fd7d0
Event: 6.631 Thread 0x0000028996700780 DEOPT UNPACKING pc=0x00000289a60f46a2 sp=0x00000097b10fd760 mode 2
Event: 6.631 Thread 0x0000028996700780 Uncommon trap: trap_request=0xffffffde fr.pc=0x00000289a66dc28c relative=0x00000000000002cc
Event: 6.631 Thread 0x0000028996700780 Uncommon trap: reason=class_check action=maybe_recompile pc=0x00000289a66dc28c method=java.util.regex.Matcher.search(I)Z @ 121 c2
Event: 6.631 Thread 0x0000028996700780 DEOPT PACKING pc=0x00000289a66dc28c sp=0x00000097b10fd8a0
Event: 6.631 Thread 0x0000028996700780 DEOPT UNPACKING pc=0x00000289a60f46a2 sp=0x00000097b10fd830 mode 2
Event: 6.631 Thread 0x0000028996700780 Uncommon trap: trap_request=0xffffffde fr.pc=0x00000289a66dc28c relative=0x00000000000002cc
Event: 6.631 Thread 0x0000028996700780 Uncommon trap: reason=class_check action=maybe_recompile pc=0x00000289a66dc28c method=java.util.regex.Matcher.search(I)Z @ 121 c2
Event: 6.631 Thread 0x0000028996700780 DEOPT PACKING pc=0x00000289a66dc28c sp=0x00000097b10fd6f0
Event: 6.631 Thread 0x0000028996700780 DEOPT UNPACKING pc=0x00000289a60f46a2 sp=0x00000097b10fd680 mode 2
Event: 7.294 Thread 0x0000028996700780 Uncommon trap: trap_request=0xffffffde fr.pc=0x00000289a66dc28c relative=0x00000000000002cc
Event: 7.294 Thread 0x0000028996700780 Uncommon trap: reason=class_check action=maybe_recompile pc=0x00000289a66dc28c method=java.util.regex.Matcher.search(I)Z @ 121 c2
Event: 7.294 Thread 0x0000028996700780 DEOPT PACKING pc=0x00000289a66dc28c sp=0x00000097b10fcc70
Event: 7.294 Thread 0x0000028996700780 DEOPT UNPACKING pc=0x00000289a60f46a2 sp=0x00000097b10fcc00 mode 2
Event: 7.446 Thread 0x00000289f7af0ff0 Uncommon trap: trap_request=0xffffff45 fr.pc=0x00000289a66adf64 relative=0x0000000000000c64
Event: 7.446 Thread 0x00000289f7af0ff0 Uncommon trap: reason=unstable_if action=reinterpret pc=0x00000289a66adf64 method=java.util.concurrent.ConcurrentHashMap.addCount(JI)V @ 34 c2
Event: 7.446 Thread 0x00000289f7af0ff0 DEOPT PACKING pc=0x00000289a66adf64 sp=0x00000097b27fda50
Event: 7.446 Thread 0x00000289f7af0ff0 DEOPT UNPACKING pc=0x00000289a60f46a2 sp=0x00000097b27fd910 mode 2

Classes loaded (20 events):
Event: 14.363 Loading class java/util/logging/Level$RbAccess
Event: 14.363 Loading class java/util/logging/Level$RbAccess done
Event: 14.364 Loading class sun/util/logging/resources/logging
Event: 14.365 Loading class sun/util/logging/resources/logging done
Event: 14.366 Loading class sun/util/logging/resources/logging_en
Event: 14.366 Loading class sun/util/logging/resources/logging_en done
Event: 14.366 Loading class sun/util/logging/resources/logging_en
Event: 14.366 Loading class sun/util/logging/resources/logging_en done
Event: 14.366 Loading class sun/util/logging/resources/logging_en_IN
Event: 14.366 Loading class sun/util/logging/resources/logging_en_IN done
Event: 14.367 Loading class sun/util/logging/resources/logging_en_IN
Event: 14.367 Loading class sun/util/logging/resources/logging_en_IN done
Event: 14.367 Loading class java/util/Formatter$DateTime
Event: 14.368 Loading class java/util/Formatter$DateTime done
Event: 14.368 Loading class java/time/ZonedDateTime$1
Event: 14.369 Loading class java/time/ZonedDateTime$1 done
Event: 14.589 Loading class java/lang/reflect/Executable$ParameterData
Event: 14.590 Loading class java/lang/reflect/Executable$ParameterData done
Event: 14.610 Loading class java/net/BindException
Event: 14.610 Loading class java/net/BindException done

Classes unloaded (0 events):
No events

Classes redefined (0 events):
No events

Internal exceptions (20 events):
Event: 6.636 Thread 0x0000028996700780 Exception <a 'java/lang/NoSuchMethodError'{0x00000000c54370b8}: 'java.lang.Object java.lang.invoke.DirectMethodHandle$Holder.invokeVirtual(java.lang.Object, java.lang.Object, java.lang.Object, java.lang.Object)'> (0x00000000c54370b8) 
thrown [s\open\src\hotspot\share\interpreter\linkResolver.cpp, line 773]
Event: 7.005 Thread 0x00000289f7aee890 Exception <a 'java/net/ConnectException'{0x00000000c54cf1a0}: Connection refused: getsockopt> (0x00000000c54cf1a0) 
thrown [s\open\src\hotspot\share\prims\jni.cpp, line 539]
Event: 7.019 Thread 0x00000289f7aee890 Exception <a 'java/net/ConnectException'{0x00000000c54d0290}: Connection refused: getsockopt> (0x00000000c54d0290) 
thrown [s\open\src\hotspot\share\prims\jni.cpp, line 539]
Event: 7.048 Thread 0x00000289f7aee890 Exception <a 'java/net/ConnectException'{0x00000000c54d11a8}: Connection refused: getsockopt> (0x00000000c54d11a8) 
thrown [s\open\src\hotspot\share\prims\jni.cpp, line 539]
Event: 7.103 Thread 0x00000289f7aee890 Exception <a 'java/net/ConnectException'{0x00000000c54d20c0}: Connection refused: getsockopt> (0x00000000c54d20c0) 
thrown [s\open\src\hotspot\share\prims\jni.cpp, line 539]
Event: 7.252 Thread 0x0000028996700780 Exception <a 'java/lang/NoSuchMethodError'{0x00000000c537d2c8}: 'java.lang.Object java.lang.invoke.DirectMethodHandle$Holder.newInvokeSpecial(java.lang.Object, java.lang.Object, int, int)'> (0x00000000c537d2c8) 
thrown [s\open\src\hotspot\share\interpreter\linkResolver.cpp, line 773]
Event: 7.254 Thread 0x0000028996700780 Exception <a 'java/lang/NoSuchMethodError'{0x00000000c5387750}: 'void java.lang.invoke.DirectMethodHandle$Holder.invokeStatic(java.lang.Object, java.lang.Object, int)'> (0x00000000c5387750) 
thrown [s\open\src\hotspot\share\interpreter\linkResolver.cpp, line 773]
Event: 7.372 Thread 0x00000289f7aed4e0 Exception <a 'java/lang/NoSuchMethodError'{0x00000000c511f688}: 'java.lang.Object java.lang.invoke.DirectMethodHandle$Holder.invokeSpecial(java.lang.Object, java.lang.Object, java.lang.Object, java.lang.Object, int)'> (0x00000000c511f688) 
thrown [s\open\src\hotspot\share\interpreter\linkResolver.cpp, line 773]
Event: 7.372 Thread 0x00000289f7aed4e0 Exception <a 'java/lang/NoSuchMethodError'{0x00000000c5122fd0}: 'java.lang.Object java.lang.invoke.Invokers$Holder.linkToTargetMethod(java.lang.Object, java.lang.Object, int, java.lang.Object)'> (0x00000000c5122fd0) 
thrown [s\open\src\hotspot\share\interpreter\linkResolver.cpp, line 773]
Event: 7.416 Thread 0x00000289f7aed4e0 Exception <a 'java/lang/NoSuchMethodError'{0x00000000c5162c40}: 'void java.lang.invoke.DirectMethodHandle$Holder.invokeSpecial(java.lang.Object, java.lang.Object, java.lang.Object, java.lang.Object, java.lang.Object)'> (0x00000000c5162c40) 
thrown [s\open\src\hotspot\share\interpreter\linkResolver.cpp, line 773]
Event: 13.340 Thread 0x00000289f7aeef20 Exception <a 'java/lang/NoSuchMethodError'{0x00000000c504d800}: 'java.lang.Object java.lang.invoke.DirectMethodHandle$Holder.newInvokeSpecial(java.lang.Object, java.lang.Object, long, java.lang.Object, java.lang.Object, java.lang.Object)'> (0x00000000c504d800) 
thrown [s\open\src\hotspot\share\interpreter\linkResolver.cpp, line 773]
Event: 13.357 Thread 0x00000289f7aeef20 Exception <a 'java/lang/NoSuchMethodError'{0x00000000c5063a30}: 'void java.lang.invoke.DirectMethodHandle$Holder.invokeSpecial(java.lang.Object, java.lang.Object, java.lang.Object, java.lang.Object, java.lang.Object, java.lang.Object, java.lang.Object)'> (0x00000000c5063a30) 
thrown [s\open\src\hotspot\share\interpreter\linkResolver.cpp, line 773]
Event: 13.410 Thread 0x0000028996700780 Exception <a 'java/lang/NoSuchMethodError'{0x00000000c509e138}: 'java.lang.Object java.lang.invoke.DirectMethodHandle$Holder.invokeSpecialIFC(java.lang.Object, java.lang.Object, java.lang.Object)'> (0x00000000c509e138) 
thrown [s\open\src\hotspot\share\interpreter\linkResolver.cpp, line 773]
Event: 14.363 Thread 0x0000028996700780 Exception <a 'java/lang/ClassNotFoundException'{0x00000000c4dc7c10}: sun/util/logging/resources/spi/loggingProvider> (0x00000000c4dc7c10) 
thrown [s\open\src\hotspot\share\classfile\systemDictionary.cpp, line 312]
Event: 14.567 Thread 0x0000028996700780 Exception <a 'java/lang/NoSuchMethodError'{0x00000000c4ca7c98}: 'void java.lang.invoke.DirectMethodHandle$Holder.invokeInterface(java.lang.Object, java.lang.Object)'> (0x00000000c4ca7c98) 
thrown [s\open\src\hotspot\share\interpreter\linkResolver.cpp, line 773]
Event: 14.611 Thread 0x0000028996700780 Exception <a 'java/net/BindException'{0x00000000c4b11030}: Address already in use: bind> (0x00000000c4b11030) 
thrown [s\open\src\hotspot\share\prims\jni.cpp, line 539]
Event: 18.307 Thread 0x00000289f7aee890 Exception <a 'java/net/ConnectException'{0x00000000c54e06d0}: Connection refused: getsockopt> (0x00000000c54e06d0) 
thrown [s\open\src\hotspot\share\prims\jni.cpp, line 539]
Event: 18.322 Thread 0x00000289f7aee890 Exception <a 'java/net/ConnectException'{0x00000000c54e1698}: Connection refused: getsockopt> (0x00000000c54e1698) 
thrown [s\open\src\hotspot\share\prims\jni.cpp, line 539]
Event: 18.356 Thread 0x00000289f7aee890 Exception <a 'java/net/ConnectException'{0x00000000c54e2660}: Connection refused: getsockopt> (0x00000000c54e2660) 
thrown [s\open\src\hotspot\share\prims\jni.cpp, line 539]
Event: 18.407 Thread 0x00000289f7aee890 Exception <a 'java/net/ConnectException'{0x00000000c54e3628}: Connection refused: getsockopt> (0x00000000c54e3628) 
thrown [s\open\src\hotspot\share\prims\jni.cpp, line 539]

ZGC Phase Switch (0 events):
No events

VM Operations (20 events):
Event: 7.267 Executing VM operation: HandshakeAllThreads (Deoptimize)
Event: 7.267 Executing VM operation: HandshakeAllThreads (Deoptimize) done
Event: 7.267 Executing VM operation: Cleanup
Event: 7.267 Executing VM operation: Cleanup done
Event: 8.278 Executing VM operation: Cleanup
Event: 8.278 Executing VM operation: Cleanup done
Event: 13.301 Executing VM operation: HandshakeAllThreads (Deoptimize)
Event: 13.301 Executing VM operation: HandshakeAllThreads (Deoptimize) done
Event: 13.313 Executing VM operation: HandshakeAllThreads (Deoptimize)
Event: 13.314 Executing VM operation: HandshakeAllThreads (Deoptimize) done
Event: 13.314 Executing VM operation: Cleanup
Event: 13.314 Executing VM operation: Cleanup done
Event: 14.325 Executing VM operation: Cleanup
Event: 14.341 Executing VM operation: Cleanup done
Event: 15.346 Executing VM operation: Cleanup
Event: 15.346 Executing VM operation: Cleanup done
Event: 18.384 Executing VM operation: Cleanup
Event: 18.384 Executing VM operation: Cleanup done
Event: 19.396 Executing VM operation: Cleanup
Event: 19.396 Executing VM operation: Cleanup done

Events (20 events):
Event: 7.446 Thread 0x00000289f7aefc40 Thread added: 0x00000289f7aefc40
Event: 13.550 Thread 0x00000289f7af1680 Thread added: 0x00000289f7af1680
Event: 13.553 Thread 0x00000289f7aef5b0 Thread added: 0x00000289f7aef5b0
Event: 13.563 Thread 0x00000289f7af02d0 Thread added: 0x00000289f7af02d0
Event: 13.564 Thread 0x00000289f7af0960 Thread added: 0x00000289f7af0960
Event: 16.718 Thread 0x00000289f7aea6f0 Thread added: 0x00000289f7aea6f0
Event: 17.215 Thread 0x00000289f7aece50 Thread exited: 0x00000289f7aece50
Event: 17.989 Thread 0x00000289f7aea6f0 Thread exited: 0x00000289f7aea6f0
Event: 18.000 Thread 0x00000289f7aece50 Thread added: 0x00000289f7aece50
Event: 18.280 Thread 0x00000289f7aea6f0 Thread added: 0x00000289f7aea6f0
Event: 18.281 Thread 0x00000289f7aead80 Thread added: 0x00000289f7aead80
Event: 18.281 Thread 0x00000289f7aeb410 Thread added: 0x00000289f7aeb410
Event: 18.496 Thread 0x00000289f7aebaa0 Thread added: 0x00000289f7aebaa0
Event: 18.508 Thread 0x00000289f7aec130 Thread added: 0x00000289f7aec130
Event: 18.513 Thread 0x00000289f7aec7c0 Thread added: 0x00000289f7aec7c0
Event: 21.916 Thread 0x00000289f783bc10 Thread added: 0x00000289f783bc10
Event: 21.918 Thread 0x00000289f783dce0 Thread added: 0x00000289f783dce0
Event: 21.925 Thread 0x00000289f783f090 Thread added: 0x00000289f783f090
Event: 21.941 Thread 0x00000289f783a1d0 Thread added: 0x00000289f783a1d0
Event: 21.972 Thread 0x00000289f7838100 Thread added: 0x00000289f7838100


Dynamic libraries:
0x00007ff738770000 - 0x00007ff738780000 	C:\Program Files\Java\jdk-21\bin\java.exe
0x00007ffc61710000 - 0x00007ffc61908000 	C:\Windows\SYSTEM32\ntdll.dll
0x00007ffc615b0000 - 0x00007ffc6166d000 	C:\Windows\System32\KERNEL32.DLL
0x00007ffc5ef20000 - 0x00007ffc5f216000 	C:\Windows\System32\KERNELBASE.dll
0x00007ffc5f3c0000 - 0x00007ffc5f4c0000 	C:\Windows\System32\ucrtbase.dll
0x00007ffc59500000 - 0x00007ffc59519000 	C:\Program Files\Java\jdk-21\bin\jli.dll
0x00007ffc59170000 - 0x00007ffc5918b000 	C:\Program Files\Java\jdk-21\bin\VCRUNTIME140.dll
0x00007ffc61450000 - 0x00007ffc61500000 	C:\Windows\System32\ADVAPI32.dll
0x00007ffc5f950000 - 0x00007ffc5f9ee000 	C:\Windows\System32\msvcrt.dll
0x00007ffc60300000 - 0x00007ffc603a0000 	C:\Windows\System32\sechost.dll
0x00007ffc603b0000 - 0x00007ffc604d3000 	C:\Windows\System32\RPCRT4.dll
0x00007ffc5edc0000 - 0x00007ffc5ede7000 	C:\Windows\System32\bcrypt.dll
0x00007ffc60e20000 - 0x00007ffc60fbf000 	C:\Windows\System32\USER32.dll
0x00007ffc5eef0000 - 0x00007ffc5ef12000 	C:\Windows\System32\win32u.dll
0x00007ffc4ef50000 - 0x00007ffc4f1ea000 	C:\Windows\WinSxS\amd64_microsoft.windows.common-controls_6595b64144ccf1df_6.0.19041.3636_none_60b6a03d71f818d5\COMCTL32.dll
0x00007ffc5f740000 - 0x00007ffc5f76b000 	C:\Windows\System32\GDI32.dll
0x00007ffc5f4c0000 - 0x00007ffc5f5d7000 	C:\Windows\System32\gdi32full.dll
0x00007ffc5f320000 - 0x00007ffc5f3bd000 	C:\Windows\System32\msvcp_win.dll
0x00007ffc58610000 - 0x00007ffc5861a000 	C:\Windows\SYSTEM32\VERSION.dll
0x00007ffc60950000 - 0x00007ffc60982000 	C:\Windows\System32\IMM32.DLL
0x00007ffc59160000 - 0x00007ffc5916c000 	C:\Program Files\Java\jdk-21\bin\vcruntime140_1.dll
0x00007ffc52a40000 - 0x00007ffc52ace000 	C:\Program Files\Java\jdk-21\bin\msvcp140.dll
0x00007ffc19d10000 - 0x00007ffc1aa27000 	C:\Program Files\Java\jdk-21\bin\server\jvm.dll
0x00007ffc60c70000 - 0x00007ffc60cdb000 	C:\Windows\System32\WS2_32.dll
0x00007ffc56210000 - 0x00007ffc56237000 	C:\Windows\SYSTEM32\WINMM.dll
0x00007ffc5ec20000 - 0x00007ffc5ec6b000 	C:\Windows\SYSTEM32\POWRPROF.dll
0x00007ffc5ec00000 - 0x00007ffc5ec12000 	C:\Windows\SYSTEM32\UMPDC.dll
0x00007ffc5cb30000 - 0x00007ffc5cb42000 	C:\Windows\SYSTEM32\kernel.appcore.dll
0x00007ffc59150000 - 0x00007ffc5915a000 	C:\Program Files\Java\jdk-21\bin\jimage.dll
0x00007ffc52d10000 - 0x00007ffc52ef4000 	C:\Windows\SYSTEM32\DBGHELP.DLL
0x00007ffc52b30000 - 0x00007ffc52b64000 	C:\Windows\SYSTEM32\dbgcore.DLL
0x00007ffc5edf0000 - 0x00007ffc5ee72000 	C:\Windows\System32\bcryptPrimitives.dll
0x00007ffc5a650000 - 0x00007ffc5a65f000 	C:\Program Files\Java\jdk-21\bin\instrument.dll
0x00007ffc59100000 - 0x00007ffc5911f000 	C:\Program Files\Java\jdk-21\bin\java.dll
0x00007ffc5fad0000 - 0x00007ffc6023b000 	C:\Windows\System32\SHELL32.dll
0x00007ffc5ce10000 - 0x00007ffc5d5ae000 	C:\Windows\SYSTEM32\windows.storage.dll
0x00007ffc610f0000 - 0x00007ffc61443000 	C:\Windows\System32\combase.dll
0x00007ffc5e720000 - 0x00007ffc5e74e000 	C:\Windows\SYSTEM32\Wldp.dll
0x00007ffc60ba0000 - 0x00007ffc60c6d000 	C:\Windows\System32\OLEAUT32.dll
0x00007ffc5f890000 - 0x00007ffc5f93d000 	C:\Windows\System32\SHCORE.dll
0x00007ffc61670000 - 0x00007ffc616c5000 	C:\Windows\System32\shlwapi.dll
0x00007ffc5ecf0000 - 0x00007ffc5ed13000 	C:\Windows\SYSTEM32\profapi.dll
0x00007ffc33fd0000 - 0x00007ffc340a7000 	C:\Program Files\Java\jdk-21\bin\jsvml.dll
0x00007ffc57e70000 - 0x00007ffc57e88000 	C:\Program Files\Java\jdk-21\bin\zip.dll
0x00007ffc58300000 - 0x00007ffc58310000 	C:\Program Files\Java\jdk-21\bin\net.dll
0x00007ffc57ee0000 - 0x00007ffc57fea000 	C:\Windows\SYSTEM32\WINHTTP.dll
0x00007ffc5e480000 - 0x00007ffc5e4ea000 	C:\Windows\system32\mswsock.dll
0x00007ffc582e0000 - 0x00007ffc582f6000 	C:\Program Files\Java\jdk-21\bin\nio.dll
0x00007ffc51f50000 - 0x00007ffc51f6a000 	C:\Program Files\JetBrains\IntelliJ IDEA Community Edition 2023.3.2\bin\breakgen64.dll
0x00007ffc54180000 - 0x00007ffc54189000 	C:\Program Files\Java\jdk-21\bin\extnet.dll
0x00007ffc54120000 - 0x00007ffc54130000 	C:\Program Files\Java\jdk-21\bin\verify.dll
0x00007ffc5e680000 - 0x00007ffc5e698000 	C:\Windows\SYSTEM32\CRYPTSP.dll
0x00007ffc5dda0000 - 0x00007ffc5ddd4000 	C:\Windows\system32\rsaenh.dll
0x00007ffc5ec70000 - 0x00007ffc5ec9e000 	C:\Windows\SYSTEM32\USERENV.dll
0x00007ffc5e670000 - 0x00007ffc5e67c000 	C:\Windows\SYSTEM32\CRYPTBASE.dll
0x00007ffc5e160000 - 0x00007ffc5e19b000 	C:\Windows\SYSTEM32\IPHLPAPI.DLL
0x00007ffc5f940000 - 0x00007ffc5f948000 	C:\Windows\System32\NSI.dll
0x00007ffc5e1a0000 - 0x00007ffc5e26b000 	C:\Windows\SYSTEM32\DNSAPI.dll
0x00007ffc530a0000 - 0x00007ffc530aa000 	C:\Windows\System32\rasadhlp.dll
0x00007ffc4f700000 - 0x00007ffc4f780000 	C:\Windows\System32\fwpuclnt.dll
0x00007ffc545f0000 - 0x00007ffc545fe000 	C:\Program Files\Java\jdk-21\bin\sunmscapi.dll
0x00007ffc5f5e0000 - 0x00007ffc5f73e000 	C:\Windows\System32\CRYPT32.dll
0x00007ffc5e790000 - 0x00007ffc5e7b8000 	C:\Windows\SYSTEM32\ncrypt.dll
0x00007ffc5e750000 - 0x00007ffc5e78b000 	C:\Windows\SYSTEM32\NTASN1.dll
0x00007ffc589e0000 - 0x00007ffc589e7000 	C:\Windows\system32\wshunix.dll

dbghelp: loaded successfully - version: 4.0.5 - missing functions: none
symbol engine: initialized successfully - sym options: 0x614 - pdb path: .;C:\Program Files\Java\jdk-21\bin;C:\Windows\SYSTEM32;C:\Windows\WinSxS\amd64_microsoft.windows.common-controls_6595b64144ccf1df_6.0.19041.3636_none_60b6a03d71f818d5;C:\Program Files\Java\jdk-21\bin\server;C:\Program Files\JetBrains\IntelliJ IDEA Community Edition 2023.3.2\bin

VM Arguments:
jvm_args: -ea -Didea.test.cyclic.buffer.size=1048576 -javaagent:C:\Program Files\JetBrains\IntelliJ IDEA Community Edition 2023.3.2\lib\idea_rt.jar=49459:C:\Program Files\JetBrains\IntelliJ IDEA Community Edition 2023.3.2\bin -Dfile.encoding=UTF-8 -Dsun.stdout.encoding=UTF-8 -Dsun.stderr.encoding=UTF-8 
java_command: com.intellij.rt.testng.RemoteTestNGStarter -usedefaultlisteners false -socket49457 @w@C:\Users\HP\AppData\Local\Temp\idea_working_dirs_testng.tmp -temp C:\Users\HP\AppData\Local\Temp\idea_testng.tmp
java_class_path (initial): C:\Program Files\JetBrains\IntelliJ IDEA Community Edition 2023.3.2\lib\idea_rt.jar;C:\Program Files\JetBrains\IntelliJ IDEA Community Edition 2023.3.2\plugins\testng\lib\testng-rt.jar;C:\Users\HP\Desktop\ExcelRProject1\Project2\Project2\target\test-classes;C:\Users\HP\.m2\repository\org\seleniumhq\selenium\selenium-java\4.18.1\selenium-java-4.18.1.jar;C:\Users\HP\.m2\repository\org\seleniumhq\selenium\selenium-api\4.18.1\selenium-api-4.18.1.jar;C:\Users\HP\.m2\repository\org\seleniumhq\selenium\selenium-chrome-driver\4.18.1\selenium-chrome-driver-4.18.1.jar;C:\Users\HP\.m2\repository\com\google\auto\service\auto-service-annotations\1.1.1\auto-service-annotations-1.1.1.jar;C:\Users\HP\.m2\repository\org\seleniumhq\selenium\selenium-chromium-driver\4.18.1\selenium-chromium-driver-4.18.1.jar;C:\Users\HP\.m2\repository\org\seleniumhq\selenium\selenium-json\4.18.1\selenium-json-4.18.1.jar;C:\Users\HP\.m2\repository\org\seleniumhq\selenium\selenium-manager\4.18.1\selenium-manager-4.18.1.jar;C:\Users\HP\.m2\repository\org\seleniumhq\selenium\selenium-devtools-v120\4.18.1\selenium-devtools-v120-4.18.1.jar;C:\Users\HP\.m2\repository\org\seleniumhq\selenium\selenium-devtools-v121\4.18.1\selenium-devtools-v121-4.18.1.jar;C:\Users\HP\.m2\repository\org\seleniumhq\selenium\selenium-devtools-v122\4.18.1\selenium-devtools-v122-4.18.1.jar;C:\Users\HP\.m2\repository\org\seleniumhq\selenium\selenium-devtools-v85\4.18.1\selenium-devtools-v85-4.18.1.jar;C:\Users\HP\.m2\repository\org\seleniumhq\selenium\selenium-edge-driver\4.18.1\selenium-edge-driver-4.18.1.jar;C:\Users\HP\.m2\repository\org\seleniumhq\selenium\selenium-firefox-driver\4.18.1\selenium-firefox-driver-4.18.1.jar;C:\Users\HP\.m2\repository\org\seleniumhq\selenium\selenium-http\4.18.1\selenium-http-4.18.1.jar;C:\Users\HP\.m2\repository\dev\failsafe\failsafe\3.3.2\failsafe-3.3.2.jar;C:\Users\HP\.m2\repository\org\seleniumhq\selenium\selenium-ie-driver\4.18.1\selenium-ie-driver-4.18.1.jar;C:\Users\HP\.m2\repository\org\seleniumhq\selenium\selenium-remote-driver\4.18.1\selenium-remote-driver-4.18.1.jar;C:\Users\HP\.m2\repository\com\google\guava\guava\33.0.0-jre\guava-33.0.0-jre.jar;C:\Users\HP\.m2\repository\com\google\guava\failureaccess\1.0.2\failureaccess-1.0.2.jar;C:\Users\HP\.m2\repository\com\google\guava\listenablefuture\9999.0-empty-to-avoid-conflict-with-guava\listenablefuture-9999.0-empty-to-avoid-conflict-with-guava.jar;C:\Users\HP\.m2\repository\com\google\code\findbugs\jsr305\3.0.2\jsr305-3.0.2.jar;C:\Users\HP\.m2\repository\org\checkerframework\checker-qual\3.41.0\checker-qual-3.41.0.jar;C:\Users\HP\.m2\repository\com\google\errorprone\error_prone_annotations\2.23.0\error_prone_annotations-2.23.0.jar;C:\Users\HP\.m2\repository\com\google\j2objc\j2objc-annotations\2.8\j2objc-annotations-2.8.jar;C:\Users\HP\.m2\repository\io\opentelemetry\semconv\opentelemetry-semconv\1.23.1-alpha\opentelemetry-semconv-1.23.1-alpha.jar;C:\Users\HP\.m2\repository\io\opentelemetry\opentelemetry-api\1.35.0\opentelemetry-api-1.35.0.jar;C:\Users\HP\.m2\repository\io\opentelemetry\opentelemetry-context\1.35.0\opentelemetry-context-1.35.0.jar;C:\Users\HP\.m2\repository\io\opentelemetry\opentelemetry-exporter-logging\1.35.0\opentelemetry-exporter-logging-1.35.0.jar;C:\Users\HP\.m2\repository\io\opentelemetry\opentelemetry-sdk-common\1.35.0\opentelemetry-sdk-common-1.35.0.jar;C:\Users\HP\.m2\repository\io\opentelemetry\opentelemetry-sdk-extension-autoconfigure-spi\1.35.0\opentelemetry-sdk-extension-autoconfigure-spi-1.35.0.jar;C:\Users\HP\.m2\repository\io\opentelemetry\opentelemetry-sdk-extension-autoconfigure\1.35.0\opentelemetry-sdk-extension-autoconfigure-1.35.0.jar;C:\Users\HP\.m2\repository\io\opentelemetry\opentelemetry-api-events\1.35.0-alpha\opentelemetry-api-events-1.35.0-alpha.jar;C:\Users\HP\.m2\repository\io\opentelemetry\opentelemetry-sdk-trace\1.35.0\opentelemetry-sdk-trace-1.35.0.jar;C:\Users\HP\.m2\repository\io\opentelemetry\opentelemetry-extension-incubator\1.35.0-alpha\opentelemetry-extension-incubator-1.35.0-alpha.jar;C:\Users\HP\.m2\repository\io\opentelemetry\opentelemetry-sdk\1.35.0\opentelemetry-sdk-1.35.0.jar;C:\Users\HP\.m2\repository\io\opentelemetry\opentelemetry-sdk-metrics\1.35.0\opentelemetry-sdk-metrics-1.35.0.jar;C:\Users\HP\.m2\repository\io\opentelemetry\opentelemetry-sdk-logs\1.35.0\opentelemetry-sdk-logs-1.35.0.jar;C:\Users\HP\.m2\repository\net\bytebuddy\byte-buddy\1.14.12\byte-buddy-1.14.12.jar;C:\Users\HP\.m2\repository\org\seleniumhq\selenium\selenium-os\4.18.1\selenium-os-4.18.1.jar;C:\Users\HP\.m2\repository\org\apache\commons\commons-exec\1.3\commons-exec-1.3.jar;C:\Users\HP\.m2\repository\org\seleniumhq\selenium\selenium-safari-driver\4.18.1\selenium-safari-driver-4.18.1.jar;C:\Users\HP\.m2\repository\org\seleniumhq\selenium\selenium-support\4.18.1\selenium-support-4.18.1.jar;C:\Users\HP\.m2\repository\org\testng\testng\7.9.0\testng-7.9.0.jar;C:\Users\HP\.m2\repository\org\slf4j\slf4j-api\1.7.36\slf4j-api-1.7.36.jar;C:\Users\HP\.m2\repository\com\beust\jcommander\1.82\jcommander-1.82.jar;C:\Users\HP\.m2\repository\org\webjars\jquery\3.7.1\jquery-3.7.1.jar
Launcher Type: SUN_STANDARD

[Global flags]
     intx CICompilerCount                          = 3                                         {product} {ergonomic}
     uint ConcGCThreads                            = 1                                         {product} {ergonomic}
     uint G1ConcRefinementThreads                  = 4                                         {product} {ergonomic}
   size_t G1HeapRegionSize                         = 1048576                                   {product} {ergonomic}
    uintx GCDrainStackTargetSize                   = 64                                        {product} {ergonomic}
   size_t InitialHeapSize                          = 67108864                                  {product} {ergonomic}
   size_t MarkStackSize                            = 4194304                                   {product} {ergonomic}
   size_t MaxHeapSize                              = 1046478848                                {product} {ergonomic}
   size_t MaxNewSize                               = 627048448                                 {product} {ergonomic}
   size_t MinHeapDeltaBytes                        = 1048576                                   {product} {ergonomic}
   size_t MinHeapSize                              = 8388608                                   {product} {ergonomic}
    uintx NonNMethodCodeHeapSize                   = 5832780                                {pd product} {ergonomic}
    uintx NonProfiledCodeHeapSize                  = 122912730                              {pd product} {ergonomic}
    uintx ProfiledCodeHeapSize                     = 122912730                              {pd product} {ergonomic}
    uintx ReservedCodeCacheSize                    = 251658240                              {pd product} {ergonomic}
     bool SegmentedCodeCache                       = true                                      {product} {ergonomic}
   size_t SoftMaxHeapSize                          = 1046478848                             {manageable} {ergonomic}
     bool UseCompressedOops                        = true                           {product lp64_product} {ergonomic}
     bool UseG1GC                                  = true                                      {product} {ergonomic}
     bool UseLargePagesIndividualAllocation        = false                                  {pd product} {ergonomic}

Logging:
Log output configuration:
 #0: stdout all=warning uptime,level,tags foldmultilines=false
 #1: stderr all=off uptime,level,tags foldmultilines=false

Environment Variables:
JAVA_HOME=C:\Program Files\Java\jdk-21
PATH=C:\Program Files\Common Files\Oracle\Java\javapath;C:\Windows\system32;C:\Windows;C:\Windows\System32\Wbem;C:\Windows\System32\WindowsPowerShell\v1.0\;C:\Windows\System32\OpenSSH\;C:\Program Files\Java\jdk-21\bin;C:\Program Files\Git\cmd;C:\Users\HP\AppData\Local\Microsoft\WindowsApps;
USERNAME=HP
OS=Windows_NT
PROCESSOR_IDENTIFIER=Intel64 Family 6 Model 42 Stepping 7, GenuineIntel
TMP=C:\Users\HP\AppData\Local\Temp
TEMP=C:\Users\HP\AppData\Local\Temp




Periodic native trim disabled

---------------  S Y S T E M  ---------------

OS:
 Windows 10 , 64 bit Build 19041 (10.0.19041.3636)
OS uptime: 20 days 2:28 hours

CPU: total 4 (initial active 4) (2 cores per cpu, 2 threads per core) family 6 model 42 stepping 7 microcode 0x2f, cx8, cmov, fxsr, ht, mmx, sse, sse2, sse3, ssse3, sse4.1, sse4.2, popcnt, tsc, tscinvbit, avx, clmul, vzeroupper, clflush, rdtscp
Processor Information for all 4 processors :
  Max Mhz: 2200, Current Mhz: 2200, Mhz Limit: 2200

Memory: 4k page, system-wide physical 3989M (146M free)
TotalPageFile size 16277M (AvailPageFile size 3M)
current process WorkingSet (physical memory assigned to process): 95M, peak: 98M
current process commit charge ("private bytes"): 167M, peak: 172M

vm_info: Java HotSpot(TM) 64-Bit Server VM (21.0.2+13-LTS-58) for windows-amd64 JRE (21.0.2+13-LTS-58), built on 2024-01-05T18:32:24Z by "mach5one" with MS VC++ 17.1 (VS2022)

END.
