#
# There is insufficient memory for the Java Runtime Environment to continue.
# Native memory allocation (mmap) failed to map 65536 bytes for Failed to commit metaspace.
# Possible reasons:
#   The system is out of physical RAM or swap space
#   The process is running with CompressedOops enabled, and the Java Heap may be blocking the growth of the native heap
# Possible solutions:
#   Reduce memory load on the system
#   Increase physical memory or swap space
#   Check if swap backing store is full
#   Decrease Java heap size (-Xmx/-Xms)
#   Decrease number of Java threads
#   Decrease Java thread stack sizes (-Xss)
#   Set larger code cache with -XX:ReservedCodeCacheSize=
#   JVM is running with Unscaled Compressed Oops mode in which the Java heap is
#     placed in the first 4GB address space. The Java Heap base address is the
#     maximum limit for the native heap growth. Please use -XX:HeapBaseMinAddress
#     to set the Java Heap base and to place the Java Heap above 4GB virtual address.
# This output file may be truncated or incomplete.
#
#  Out of Memory Error (virtualSpaceNode.cpp:112), pid=10548, tid=40296
#
# JRE version: Java(TM) SE Runtime Environment (21.0.2+13) (build 21.0.2+13-LTS-58)
# Java VM: Java HotSpot(TM) 64-Bit Server VM (21.0.2+13-LTS-58, mixed mode, sharing, tiered, compressed oops, compressed class ptrs, g1 gc, windows-amd64)
# No core dump will be written. Minidumps are not enabled by default on client versions of Windows
#

---------------  S U M M A R Y ------------

Command Line: -ea -Didea.test.cyclic.buffer.size=1048576 -javaagent:C:\Program Files\JetBrains\IntelliJ IDEA Community Edition 2023.3.2\lib\idea_rt.jar=54737:C:\Program Files\JetBrains\IntelliJ IDEA Community Edition 2023.3.2\bin -Dfile.encoding=UTF-8 -Dsun.stdout.encoding=UTF-8 -Dsun.stderr.encoding=UTF-8 com.intellij.rt.testng.RemoteTestNGStarter -usedefaultlisteners false -socket54736 @w@C:\Users\HP\AppData\Local\Temp\idea_working_dirs_testng.tmp -temp C:\Users\HP\AppData\Local\Temp\idea_testng.tmp

Host: Intel(R) Core(TM) i3-2328M CPU @ 2.20GHz, 4 cores, 3G,  Windows 10 , 64 bit Build 19041 (10.0.19041.3636)
Time: Sun Jun  2 17:42:35 2024 India Standard Time elapsed time: 11.855795 seconds (0d 0h 0m 11s)

---------------  T H R E A D  ---------------

Current thread (0x000001bc0d3a1030):  JavaThread "main"             [_thread_in_vm, id=40296, stack(0x0000000cee300000,0x0000000cee400000) (1024K)]

Stack: [0x0000000cee300000,0x0000000cee400000]
Native frames: (J=compiled Java code, j=interpreted, Vv=VM code, C=native code)
V  [jvm.dll+0x6cade9]
V  [jvm.dll+0x8569c1]
V  [jvm.dll+0x858d2e]
V  [jvm.dll+0x859413]
V  [jvm.dll+0x280e56]
V  [jvm.dll+0x8526ee]
V  [jvm.dll+0x66e705]
V  [jvm.dll+0x66e76a]
V  [jvm.dll+0x670f96]
V  [jvm.dll+0x670e62]
V  [jvm.dll+0x66f0de]
V  [jvm.dll+0x27dd76]
V  [jvm.dll+0x720355]
V  [jvm.dll+0x720e9f]
V  [jvm.dll+0x3c2e8f]
V  [jvm.dll+0x3c1f37]
V  [jvm.dll+0x3c1ed8]
V  [jvm.dll+0x5d25b5]
V  [jvm.dll+0x5d2663]
V  [jvm.dll+0x3d7442]
V  [jvm.dll+0x3d6ee0]
C  0x000001bc1e507611

The last pc belongs to getstatic (printed below).
Java frames: (J=compiled Java code, j=interpreted, Vv=VM code)
j  java.util.logging.Level.computeLocalizedLevelName(Ljava/util/Locale;)Ljava/lang/String;+8 java.logging@21.0.2
j  java.util.logging.Level.getLocalizedLevelName()Ljava/lang/String;+18 java.logging@21.0.2
j  java.util.logging.SimpleFormatter.format(Ljava/util/logging/LogRecord;)Ljava/lang/String;+143 java.logging@21.0.2
j  java.util.logging.StreamHandler.publish0(Ljava/util/logging/LogRecord;)V+14 java.logging@21.0.2
j  java.util.logging.StreamHandler.publish(Ljava/util/logging/LogRecord;)V+9 java.logging@21.0.2
j  java.util.logging.ConsoleHandler.publish(Ljava/util/logging/LogRecord;)V+2 java.logging@21.0.2
j  java.util.logging.Logger.log(Ljava/util/logging/LogRecord;)V+90 java.logging@21.0.2
j  java.util.logging.Logger.doLog(Ljava/util/logging/LogRecord;)V+46 java.logging@21.0.2
j  java.util.logging.Logger.log(Ljava/util/logging/Level;Ljava/lang/String;[Ljava/lang/Object;)V+29 java.logging@21.0.2
j  org.openqa.selenium.devtools.CdpVersionFinder.findNearestMatch(I)Ljava/util/Optional;+161
j  org.openqa.selenium.devtools.CdpVersionFinder.fromMatcher(Ljava/util/regex/Matcher;)Ljava/util/Optional;+20
j  org.openqa.selenium.devtools.CdpVersionFinder.match(Ljava/lang/String;)Ljava/util/Optional;+17
j  org.openqa.selenium.chromium.ChromiumDriver.<init>(Lorg/openqa/selenium/remote/CommandExecutor;Lorg/openqa/selenium/Capabilities;Ljava/lang/String;)V+314
j  org.openqa.selenium.chrome.ChromeDriver.<init>(Lorg/openqa/selenium/chrome/ChromeDriverService;Lorg/openqa/selenium/chrome/ChromeOptions;Lorg/openqa/selenium/remote/http/ClientConfig;)V+10
j  org.openqa.selenium.chrome.ChromeDriver.<init>(Lorg/openqa/selenium/chrome/ChromeDriverService;Lorg/openqa/selenium/chrome/ChromeOptions;)V+6
j  org.openqa.selenium.chrome.ChromeDriver.<init>()V+11
j  testscenarios.AutomationUtilities.Initialization()Lorg/openqa/selenium/WebDriver;+4
j  testscenarios.OrderMethods.Initialization()Lorg/openqa/selenium/WebDriver;+1
j  java.lang.invoke.DirectMethodHandle$Holder.invokeVirtual(Ljava/lang/Object;Ljava/lang/Object;)Ljava/lang/Object;+10 java.base@21.0.2
j  java.lang.invoke.LambdaForm$MH+0x000001bc2b01c000.invoke(Ljava/lang/Object;Ljava/lang/Object;)Ljava/lang/Object;+31 java.base@21.0.2
j  java.lang.invoke.Invokers$Holder.invokeExact_MT(Ljava/lang/Object;Ljava/lang/Object;Ljava/lang/Object;)Ljava/lang/Object;+19 java.base@21.0.2
j  jdk.internal.reflect.DirectMethodHandleAccessor.invokeImpl(Ljava/lang/Object;[Ljava/lang/Object;)Ljava/lang/Object;+41 java.base@21.0.2
j  jdk.internal.reflect.DirectMethodHandleAccessor.invoke(Ljava/lang/Object;[Ljava/lang/Object;)Ljava/lang/Object;+23 java.base@21.0.2
j  java.lang.reflect.Method.invoke(Ljava/lang/Object;[Ljava/lang/Object;)Ljava/lang/Object;+102 java.base@21.0.2
j  org.testng.internal.invokers.MethodInvocationHelper.invokeMethod(Ljava/lang/reflect/Method;Ljava/lang/Object;[Ljava/lang/Object;)Ljava/lang/Object;+198
j  org.testng.internal.invokers.MethodInvocationHelper.invokeMethodConsideringTimeout(Lorg/testng/ITestNGMethod;Lorg/testng/internal/ConstructorOrMethod;Ljava/lang/Object;[Ljava/lang/Object;Lorg/testng/ITestResult;)V+15
j  org.testng.internal.invokers.ConfigInvoker.invokeConfigurationMethod(Ljava/lang/Object;Lorg/testng/ITestNGMethod;[Ljava/lang/Object;Lorg/testng/ITestResult;)V+218
j  org.testng.internal.invokers.ConfigInvoker.invokeConfigurations(Lorg/testng/internal/invokers/ConfigMethodArguments;)V+536
j  org.testng.TestRunner.invokeTestConfigurations([Lorg/testng/ITestNGMethod;)V+55
j  org.testng.TestRunner.beforeRun()V+30
j  org.testng.TestRunner.run()V+1
j  org.testng.SuiteRunner.runTest(Lorg/testng/TestRunner;)V+21
j  org.testng.SuiteRunner.runSequentially()V+31
j  org.testng.SuiteRunner.privateRun()V+340
j  org.testng.SuiteRunner.run()V+6
j  org.testng.SuiteRunnerWorker.runSuite(Lorg/testng/internal/invokers/SuiteRunnerMap;Lorg/testng/xml/XmlSuite;)V+56
j  org.testng.SuiteRunnerWorker.run()V+12
j  org.testng.TestNG.runSuitesSequentially(Lorg/testng/xml/XmlSuite;Lorg/testng/internal/invokers/SuiteRunnerMap;ILjava/lang/String;)V+66
j  org.testng.TestNG.runSuitesLocally()Ljava/util/List;+202
j  org.testng.TestNG.runSuites()Ljava/util/List;+1
j  org.testng.TestNG.run()V+25
j  com.intellij.rt.testng.IDEARemoteTestNG.run()V+270
j  com.intellij.rt.testng.RemoteTestNGStarter.main([Ljava/lang/String;)V+548
v  ~StubRoutines::call_stub 0x000001bc1e4f100d
getstatic  178 getstatic  [0x000001bc1e507560, 0x000001bc1e507758]  504 bytes
[MachCode]
  0x000001bc1e507560: 4883 ec08 | c5fa 1104 | 24eb 1f48 | 83ec 10c5 | fb11 0424 | eb14 4883 | ec10 4889 | 0424 48c7 
  0x000001bc1e507580: 4424 0800 | 0000 00eb | 0150 410f | b755 0148 | 8b4d d0c1 | e202 8b5c | d138 c1eb | 1081 e3ff 
  0x000001bc1e5075a0: 0000 0081 | fbb2 0000 | 000f 84b4 | 0000 00bb | b200 0000 | e805 0000 | 00e9 9900 | 0000 488b 
  0x000001bc1e5075c0: d348 8d44 | 2408 4c89 | 6dc0 498b | cfc5 f877 | 4989 afa8 | 0300 0049 | 8987 9803 | 0000 4883 
  0x000001bc1e5075e0: ec20 40f6 | c40f 0f84 | 1900 0000 | 4883 ec08 | 48b8 806e | 0628 fb7f | 0000 ffd0 | 4883 c408 
  0x000001bc1e507600: e90c 0000 | 0048 b880 | 6e06 28fb | 7f00 00ff | d048 83c4 | 2049 c787 | 9803 0000 | 0000 0000 
  0x000001bc1e507620: 49c7 87a8 | 0300 0000 | 0000 0049 | c787 a003 | 0000 0000 | 0000 c5f8 | 7749 837f | 0800 0f84 
  0x000001bc1e507640: 0500 0000 | e9b7 98fe | ff4c 8b6d | c04c 8b75 | c84e 8d74 | f500 c341 | 0fb7 5501 | 488b 4dd0 
  0x000001bc1e507660: c1e2 0248 | 8b5c d148 | 8b44 d150 | 4c8b 4cd1 | 404d 8b49 | 704d 8b09 | c1e8 1c83 | e00f 0f85 
  0x000001bc1e507680: 0b00 0000 | 410f be04 | 1950 e9b1 | 0000 0083 | f801 0f85 | 0b00 0000 | 410f b604 | 1950 e99d 
  0x000001bc1e5076a0: 0000 0083 | f808 0f85 | 0a00 0000 | 418b 0419 | 50e9 8a00 | 0000 83f8 | 040f 850a | 0000 0041 
  0x000001bc1e5076c0: 8b04 1950 | e977 0000 | 0083 f802 | 0f85 0b00 | 0000 410f | b704 1950 | e963 0000 | 0083 f803 
  0x000001bc1e5076e0: 0f85 0b00 | 0000 410f | bf04 1950 | e94f 0000 | 0083 f805 | 0f85 1a00 | 0000 498b | 0419 4883 
  0x000001bc1e507700: ec10 4889 | 0424 48c7 | 4424 0800 | 0000 00e9 | 2c00 0000 | 83f8 060f | 8514 0000 | 00c4 c17a 
  0x000001bc1e507720: 1004 1948 | 83ec 08c5 | fa11 0424 | e90f 0000 | 00c4 c17b | 1004 1948 | 83ec 10c5 | fb11 0424 
  0x000001bc1e507740: 410f b65d | 0349 83c5 | 0349 ba00 | 0f8e 28fb | 7f00 0041 | ff24 da90 
[/MachCode]

---------------  P R O C E S S  ---------------

Threads class SMR info:
_java_thread_list=0x000001bc6f741190, length=25, elements={
0x000001bc0d3a1030, 0x000001bc29f1dbe0, 0x000001bc29f1ee50, 0x000001bc29f20660,
0x000001bc29f24980, 0x000001bc29f27670, 0x000001bc29f2cc90, 0x000001bc29f3c450,
0x000001bc29f39000, 0x000001bc29f0c4c0, 0x000001bc6f2c4d50, 0x000001bc6f2c53c0,
0x000001bc70131e70, 0x000001bc6fac1430, 0x000001bc6f814360, 0x000001bc6f8149d0,
0x000001bc29f9faa0, 0x000001bc29fa0920, 0x000001bc6f10b540, 0x000001bc6f1080c0,
0x000001bc6f108de0, 0x000001bc6f108750, 0x000001bc6f109470, 0x000001bc6f10a190,
0x000001bc6f109b00
}

Java Threads: ( => current thread )
=>0x000001bc0d3a1030 JavaThread "main"                              [_thread_in_vm, id=40296, stack(0x0000000cee300000,0x0000000cee400000) (1024K)]
  0x000001bc29f1dbe0 JavaThread "Reference Handler"          daemon [_thread_blocked, id=20496, stack(0x0000000ceeb00000,0x0000000ceec00000) (1024K)]
  0x000001bc29f1ee50 JavaThread "Finalizer"                  daemon [_thread_blocked, id=30188, stack(0x0000000ceec00000,0x0000000ceed00000) (1024K)]
  0x000001bc29f20660 JavaThread "Signal Dispatcher"          daemon [_thread_blocked, id=1248, stack(0x0000000ceed00000,0x0000000ceee00000) (1024K)]
  0x000001bc29f24980 JavaThread "Attach Listener"            daemon [_thread_blocked, id=40032, stack(0x0000000ceee00000,0x0000000ceef00000) (1024K)]
  0x000001bc29f27670 JavaThread "Service Thread"             daemon [_thread_blocked, id=30540, stack(0x0000000ceef00000,0x0000000cef000000) (1024K)]
  0x000001bc29f2cc90 JavaThread "Monitor Deflation Thread"   daemon [_thread_blocked, id=38292, stack(0x0000000cef000000,0x0000000cef100000) (1024K)]
  0x000001bc29f3c450 JavaThread "C2 CompilerThread0"         daemon [_thread_blocked, id=16280, stack(0x0000000cef100000,0x0000000cef200000) (1024K)]
  0x000001bc29f39000 JavaThread "C1 CompilerThread0"         daemon [_thread_blocked, id=20024, stack(0x0000000cef200000,0x0000000cef300000) (1024K)]
  0x000001bc29f0c4c0 JavaThread "Common-Cleaner"             daemon [_thread_blocked, id=29404, stack(0x0000000cef300000,0x0000000cef400000) (1024K)]
  0x000001bc6f2c4d50 JavaThread "Monitor Ctrl-Break"         daemon [_thread_in_native, id=41016, stack(0x0000000cef400000,0x0000000cef500000) (1024K)]
  0x000001bc6f2c53c0 JavaThread "Notification Thread"        daemon [_thread_blocked, id=30928, stack(0x0000000cef500000,0x0000000cef600000) (1024K)]
  0x000001bc70131e70 JavaThread "ForkJoinPool.commonPool-worker-1" daemon [_thread_blocked, id=28856, stack(0x0000000cef900000,0x0000000cefa00000) (1024K)]
  0x000001bc6fac1430 JavaThread "HttpClient-1-SelectorManager" daemon [_thread_in_native, id=8972, stack(0x0000000cefa00000,0x0000000cefb00000) (1024K)]
  0x000001bc6f814360 JavaThread "External Process Output Forwarder - C:\Users\HP\.cache\selenium\chromedriver\win64\125.0.6422.141\chromedriver.exe" daemon [_thread_in_native, id=11560, stack(0x0000000cefb00000,0x0000000cefc00000) (1024K)]
  0x000001bc6f8149d0 JavaThread "Driver Service Executor"    daemon [_thread_blocked, id=39828, stack(0x0000000cefc00000,0x0000000cefd00000) (1024K)]
  0x000001bc29f9faa0 JavaThread "Driver Service Executor"    daemon [_thread_in_native, id=40832, stack(0x0000000cefd00000,0x0000000cefe00000) (1024K)]
  0x000001bc29fa0920 JavaThread "UrlChecker-2"               daemon [_thread_blocked, id=34080, stack(0x0000000cefe00000,0x0000000ceff00000) (1024K)]
  0x000001bc6f10b540 JavaThread "Keep-Alive-Timer"           daemon [_thread_blocked, id=38476, stack(0x0000000cf0000000,0x0000000cf0100000) (1024K)]
  0x000001bc6f1080c0 JavaThread "pool-1-thread-1"                   [_thread_blocked, id=28832, stack(0x0000000cf0100000,0x0000000cf0200000) (1024K)]
  0x000001bc6f108de0 JavaThread "pool-1-thread-2"                   [_thread_blocked, id=28584, stack(0x0000000cf0200000,0x0000000cf0300000) (1024K)]
  0x000001bc6f108750 JavaThread "HttpClient-2-SelectorManager" daemon [_thread_in_native, id=21948, stack(0x0000000cf0300000,0x0000000cf0400000) (1024K)]
  0x000001bc6f109470 JavaThread "pool-2-thread-1"                   [_thread_blocked, id=1336, stack(0x0000000cf0400000,0x0000000cf0500000) (1024K)]
  0x000001bc6f10a190 JavaThread "pool-2-thread-2"                   [_thread_blocked, id=41376, stack(0x0000000cf0500000,0x0000000cf0600000) (1024K)]
  0x000001bc6f109b00 JavaThread "pool-2-thread-3"                   [_thread_blocked, id=28640, stack(0x0000000cf0600000,0x0000000cf0700000) (1024K)]
Total: 25

Other Threads:
  0x000001bc0d460d00 VMThread "VM Thread"                           [id=28472, stack(0x0000000ceea00000,0x0000000ceeb00000) (1024K)]
  0x000001bc0d448880 WatcherThread "VM Periodic Task Thread"        [id=38332, stack(0x0000000cee900000,0x0000000ceea00000) (1024K)]
  0x000001bc0d3d9100 WorkerThread "GC Thread#0"                     [id=36468, stack(0x0000000cee400000,0x0000000cee500000) (1024K)]
  0x000001bc6f9cb020 WorkerThread "GC Thread#1"                     [id=32396, stack(0x0000000cef600000,0x0000000cef700000) (1024K)]
  0x000001bc6f9dc5a0 WorkerThread "GC Thread#2"                     [id=19664, stack(0x0000000cef700000,0x0000000cef800000) (1024K)]
  0x000001bc6f9dc940 WorkerThread "GC Thread#3"                     [id=38780, stack(0x0000000cef800000,0x0000000cef900000) (1024K)]
  0x000001bc0d3e2cc0 ConcurrentGCThread "G1 Main Marker"            [id=39328, stack(0x0000000cee500000,0x0000000cee600000) (1024K)]
  0x000001bc0d3e4020 WorkerThread "G1 Conc#0"                       [id=35288, stack(0x0000000cee600000,0x0000000cee700000) (1024K)]
  0x000001bc0d439280 ConcurrentGCThread "G1 Refine#0"               [id=39056, stack(0x0000000cee700000,0x0000000cee800000) (1024K)]
  0x000001bc0d43bfd0 ConcurrentGCThread "G1 Service"                [id=32848, stack(0x0000000cee800000,0x0000000cee900000) (1024K)]
Total: 10

Threads with active compile tasks:
Total: 0

VM state: not at safepoint (normal execution)

VM Mutex/Monitor currently owned by a thread:  ([mutex/lock_event])
[0x00007ffb288cace8] Metaspace_lock - owner thread: 0x000001bc0d3a1030

Heap address: 0x00000000c1a00000, size: 998 MB, Compressed Oops mode: 32-bit

CDS archive(s) mapped at: [0x000001bc2a000000-0x000001bc2ac90000-0x000001bc2ac90000), size 13172736, SharedBaseAddress: 0x000001bc2a000000, ArchiveRelocationMode: 1.
Compressed class space mapped at: 0x000001bc2b000000-0x000001bc6b000000, reserved size: 1073741824
Narrow klass base: 0x000001bc2a000000, Narrow klass shift: 0, Narrow klass range: 0x100000000

GC Precious Log:
 CardTable entry size: 512
 Card Set container configuration: InlinePtr #cards 5 size 8 Array Of Cards #cards 12 size 40 Howl #buckets 4 coarsen threshold 1843 Howl Bitmap #cards 512 size 80 coarsen threshold 460 Card regions per heap region 1 cards per card region 2048
 CPUs: 4 total, 4 available
 Memory: 3989M
 Large Page Support: Disabled
 NUMA Support: Disabled
 Compressed Oops: Enabled (32-bit)
 Heap Region Size: 1M
 Heap Min Capacity: 8M
 Heap Initial Capacity: 64M
 Heap Max Capacity: 998M
 Pre-touch: Disabled
 Parallel Workers: 4
 Concurrent Workers: 1
 Concurrent Refinement Workers: 4
 Periodic GC: Disabled

Heap:
 garbage-first heap   total 65536K, used 19410K [0x00000000c1a00000, 0x0000000100000000)
  region size 1024K, 15 young (15360K), 2 survivors (2048K)
 Metaspace       used 16058K, committed 16448K, reserved 1114112K
  class space    used 1928K, committed 2112K, reserved 1048576K

Heap Regions: E=young(eden), S=young(survivor), O=old, HS=humongous(starts), HC=humongous(continues), CS=collection set, F=free, TAMS=top-at-mark-start, PB=parsable bottom
|   0|0x00000000c1a00000, 0x00000000c1b00000, 0x00000000c1b00000|100%| O|  |TAMS 0x00000000c1a00000| PB 0x00000000c1a00000| Untracked 
|   1|0x00000000c1b00000, 0x00000000c1c00000, 0x00000000c1c00000|100%| O|  |TAMS 0x00000000c1b00000| PB 0x00000000c1b00000| Untracked 
|   2|0x00000000c1c00000, 0x00000000c1d00000, 0x00000000c1d00000|100%| O|  |TAMS 0x00000000c1c00000| PB 0x00000000c1c00000| Untracked 
|   3|0x00000000c1d00000, 0x00000000c1e00000, 0x00000000c1e00000|100%| O|  |TAMS 0x00000000c1d00000| PB 0x00000000c1d00000| Untracked 
|   4|0x00000000c1e00000, 0x00000000c1ef4a88, 0x00000000c1f00000| 95%| O|  |TAMS 0x00000000c1e00000| PB 0x00000000c1e00000| Untracked 
|   5|0x00000000c1f00000, 0x00000000c1f00000, 0x00000000c2000000|  0%| F|  |TAMS 0x00000000c1f00000| PB 0x00000000c1f00000| Untracked 
|   6|0x00000000c2000000, 0x00000000c2000000, 0x00000000c2100000|  0%| F|  |TAMS 0x00000000c2000000| PB 0x00000000c2000000| Untracked 
|   7|0x00000000c2100000, 0x00000000c2100000, 0x00000000c2200000|  0%| F|  |TAMS 0x00000000c2100000| PB 0x00000000c2100000| Untracked 
|   8|0x00000000c2200000, 0x00000000c2200000, 0x00000000c2300000|  0%| F|  |TAMS 0x00000000c2200000| PB 0x00000000c2200000| Untracked 
|   9|0x00000000c2300000, 0x00000000c2300000, 0x00000000c2400000|  0%| F|  |TAMS 0x00000000c2300000| PB 0x00000000c2300000| Untracked 
|  10|0x00000000c2400000, 0x00000000c2400000, 0x00000000c2500000|  0%| F|  |TAMS 0x00000000c2400000| PB 0x00000000c2400000| Untracked 
|  11|0x00000000c2500000, 0x00000000c2500000, 0x00000000c2600000|  0%| F|  |TAMS 0x00000000c2500000| PB 0x00000000c2500000| Untracked 
|  12|0x00000000c2600000, 0x00000000c2600000, 0x00000000c2700000|  0%| F|  |TAMS 0x00000000c2600000| PB 0x00000000c2600000| Untracked 
|  13|0x00000000c2700000, 0x00000000c2700000, 0x00000000c2800000|  0%| F|  |TAMS 0x00000000c2700000| PB 0x00000000c2700000| Untracked 
|  14|0x00000000c2800000, 0x00000000c2800000, 0x00000000c2900000|  0%| F|  |TAMS 0x00000000c2800000| PB 0x00000000c2800000| Untracked 
|  15|0x00000000c2900000, 0x00000000c2900000, 0x00000000c2a00000|  0%| F|  |TAMS 0x00000000c2900000| PB 0x00000000c2900000| Untracked 
|  16|0x00000000c2a00000, 0x00000000c2a00000, 0x00000000c2b00000|  0%| F|  |TAMS 0x00000000c2a00000| PB 0x00000000c2a00000| Untracked 
|  17|0x00000000c2b00000, 0x00000000c2b00000, 0x00000000c2c00000|  0%| F|  |TAMS 0x00000000c2b00000| PB 0x00000000c2b00000| Untracked 
|  18|0x00000000c2c00000, 0x00000000c2c00000, 0x00000000c2d00000|  0%| F|  |TAMS 0x00000000c2c00000| PB 0x00000000c2c00000| Untracked 
|  19|0x00000000c2d00000, 0x00000000c2d00000, 0x00000000c2e00000|  0%| F|  |TAMS 0x00000000c2d00000| PB 0x00000000c2d00000| Untracked 
|  20|0x00000000c2e00000, 0x00000000c2e00000, 0x00000000c2f00000|  0%| F|  |TAMS 0x00000000c2e00000| PB 0x00000000c2e00000| Untracked 
|  21|0x00000000c2f00000, 0x00000000c2f00000, 0x00000000c3000000|  0%| F|  |TAMS 0x00000000c2f00000| PB 0x00000000c2f00000| Untracked 
|  22|0x00000000c3000000, 0x00000000c3000000, 0x00000000c3100000|  0%| F|  |TAMS 0x00000000c3000000| PB 0x00000000c3000000| Untracked 
|  23|0x00000000c3100000, 0x00000000c3100000, 0x00000000c3200000|  0%| F|  |TAMS 0x00000000c3100000| PB 0x00000000c3100000| Untracked 
|  24|0x00000000c3200000, 0x00000000c3200000, 0x00000000c3300000|  0%| F|  |TAMS 0x00000000c3200000| PB 0x00000000c3200000| Untracked 
|  25|0x00000000c3300000, 0x00000000c3300000, 0x00000000c3400000|  0%| F|  |TAMS 0x00000000c3300000| PB 0x00000000c3300000| Untracked 
|  26|0x00000000c3400000, 0x00000000c3400000, 0x00000000c3500000|  0%| F|  |TAMS 0x00000000c3400000| PB 0x00000000c3400000| Untracked 
|  27|0x00000000c3500000, 0x00000000c3500000, 0x00000000c3600000|  0%| F|  |TAMS 0x00000000c3500000| PB 0x00000000c3500000| Untracked 
|  28|0x00000000c3600000, 0x00000000c3600000, 0x00000000c3700000|  0%| F|  |TAMS 0x00000000c3600000| PB 0x00000000c3600000| Untracked 
|  29|0x00000000c3700000, 0x00000000c3700000, 0x00000000c3800000|  0%| F|  |TAMS 0x00000000c3700000| PB 0x00000000c3700000| Untracked 
|  30|0x00000000c3800000, 0x00000000c3800000, 0x00000000c3900000|  0%| F|  |TAMS 0x00000000c3800000| PB 0x00000000c3800000| Untracked 
|  31|0x00000000c3900000, 0x00000000c3900000, 0x00000000c3a00000|  0%| F|  |TAMS 0x00000000c3900000| PB 0x00000000c3900000| Untracked 
|  32|0x00000000c3a00000, 0x00000000c3a00000, 0x00000000c3b00000|  0%| F|  |TAMS 0x00000000c3a00000| PB 0x00000000c3a00000| Untracked 
|  33|0x00000000c3b00000, 0x00000000c3b00000, 0x00000000c3c00000|  0%| F|  |TAMS 0x00000000c3b00000| PB 0x00000000c3b00000| Untracked 
|  34|0x00000000c3c00000, 0x00000000c3c00000, 0x00000000c3d00000|  0%| F|  |TAMS 0x00000000c3c00000| PB 0x00000000c3c00000| Untracked 
|  35|0x00000000c3d00000, 0x00000000c3d00000, 0x00000000c3e00000|  0%| F|  |TAMS 0x00000000c3d00000| PB 0x00000000c3d00000| Untracked 
|  36|0x00000000c3e00000, 0x00000000c3e00000, 0x00000000c3f00000|  0%| F|  |TAMS 0x00000000c3e00000| PB 0x00000000c3e00000| Untracked 
|  37|0x00000000c3f00000, 0x00000000c3f00000, 0x00000000c4000000|  0%| F|  |TAMS 0x00000000c3f00000| PB 0x00000000c3f00000| Untracked 
|  38|0x00000000c4000000, 0x00000000c4000000, 0x00000000c4100000|  0%| F|  |TAMS 0x00000000c4000000| PB 0x00000000c4000000| Untracked 
|  39|0x00000000c4100000, 0x00000000c4100000, 0x00000000c4200000|  0%| F|  |TAMS 0x00000000c4100000| PB 0x00000000c4100000| Untracked 
|  40|0x00000000c4200000, 0x00000000c4200000, 0x00000000c4300000|  0%| F|  |TAMS 0x00000000c4200000| PB 0x00000000c4200000| Untracked 
|  41|0x00000000c4300000, 0x00000000c4300000, 0x00000000c4400000|  0%| F|  |TAMS 0x00000000c4300000| PB 0x00000000c4300000| Untracked 
|  42|0x00000000c4400000, 0x00000000c4400000, 0x00000000c4500000|  0%| F|  |TAMS 0x00000000c4400000| PB 0x00000000c4400000| Untracked 
|  43|0x00000000c4500000, 0x00000000c4500000, 0x00000000c4600000|  0%| F|  |TAMS 0x00000000c4500000| PB 0x00000000c4500000| Untracked 
|  44|0x00000000c4600000, 0x00000000c4600000, 0x00000000c4700000|  0%| F|  |TAMS 0x00000000c4600000| PB 0x00000000c4600000| Untracked 
|  45|0x00000000c4700000, 0x00000000c4700000, 0x00000000c4800000|  0%| F|  |TAMS 0x00000000c4700000| PB 0x00000000c4700000| Untracked 
|  46|0x00000000c4800000, 0x00000000c4800000, 0x00000000c4900000|  0%| F|  |TAMS 0x00000000c4800000| PB 0x00000000c4800000| Untracked 
|  47|0x00000000c4900000, 0x00000000c4a00000, 0x00000000c4a00000|100%| S|CS|TAMS 0x00000000c4900000| PB 0x00000000c4900000| Complete 
|  48|0x00000000c4a00000, 0x00000000c4b00000, 0x00000000c4b00000|100%| S|CS|TAMS 0x00000000c4a00000| PB 0x00000000c4a00000| Complete 
|  49|0x00000000c4b00000, 0x00000000c4b00000, 0x00000000c4c00000|  0%| F|  |TAMS 0x00000000c4b00000| PB 0x00000000c4b00000| Untracked 
|  50|0x00000000c4c00000, 0x00000000c4c00000, 0x00000000c4d00000|  0%| F|  |TAMS 0x00000000c4c00000| PB 0x00000000c4c00000| Untracked 
|  51|0x00000000c4d00000, 0x00000000c4d82cc8, 0x00000000c4e00000| 51%| E|  |TAMS 0x00000000c4d00000| PB 0x00000000c4d00000| Complete 
|  52|0x00000000c4e00000, 0x00000000c4f00000, 0x00000000c4f00000|100%| E|CS|TAMS 0x00000000c4e00000| PB 0x00000000c4e00000| Complete 
|  53|0x00000000c4f00000, 0x00000000c5000000, 0x00000000c5000000|100%| E|CS|TAMS 0x00000000c4f00000| PB 0x00000000c4f00000| Complete 
|  54|0x00000000c5000000, 0x00000000c5100000, 0x00000000c5100000|100%| E|CS|TAMS 0x00000000c5000000| PB 0x00000000c5000000| Complete 
|  55|0x00000000c5100000, 0x00000000c5200000, 0x00000000c5200000|100%| E|CS|TAMS 0x00000000c5100000| PB 0x00000000c5100000| Complete 
|  56|0x00000000c5200000, 0x00000000c5300000, 0x00000000c5300000|100%| E|CS|TAMS 0x00000000c5200000| PB 0x00000000c5200000| Complete 
|  57|0x00000000c5300000, 0x00000000c5400000, 0x00000000c5400000|100%| E|CS|TAMS 0x00000000c5300000| PB 0x00000000c5300000| Complete 
|  58|0x00000000c5400000, 0x00000000c5500000, 0x00000000c5500000|100%| E|CS|TAMS 0x00000000c5400000| PB 0x00000000c5400000| Complete 
|  59|0x00000000c5500000, 0x00000000c5600000, 0x00000000c5600000|100%| E|CS|TAMS 0x00000000c5500000| PB 0x00000000c5500000| Complete 
|  60|0x00000000c5600000, 0x00000000c5700000, 0x00000000c5700000|100%| E|CS|TAMS 0x00000000c5600000| PB 0x00000000c5600000| Complete 
|  61|0x00000000c5700000, 0x00000000c5800000, 0x00000000c5800000|100%| E|CS|TAMS 0x00000000c5700000| PB 0x00000000c5700000| Complete 
|  62|0x00000000c5800000, 0x00000000c5900000, 0x00000000c5900000|100%| E|CS|TAMS 0x00000000c5800000| PB 0x00000000c5800000| Complete 
|  63|0x00000000c5900000, 0x00000000c5a00000, 0x00000000c5a00000|100%| E|CS|TAMS 0x00000000c5900000| PB 0x00000000c5900000| Complete 

Card table byte_map: [0x000001bc267e0000,0x000001bc269e0000] _byte_map_base: 0x000001bc261d3000

Marking Bits: (CMBitMap*) 0x000001bc0d3d9710
 Bits: [0x000001bc269e0000, 0x000001bc27978000)

Polling page: 0x000001bc0d230000

Metaspace:

Usage:
  Non-class:     13.80 MB used.
      Class:      1.88 MB used.
       Both:     15.68 MB used.

Virtual space:
  Non-class space:       64.00 MB reserved,      14.00 MB ( 22%) committed,  1 nodes.
      Class space:        1.00 GB reserved,       2.06 MB ( <1%) committed,  1 nodes.
             Both:        1.06 GB reserved,      16.06 MB (  1%) committed. 

Chunk freelists:
   Non-Class:  1.38 MB
       Class:  13.84 MB
        Both:  15.22 MB

MaxMetaspaceSize: unlimited
CompressedClassSpaceSize: 1.00 GB
Initial GC threshold: 21.00 MB
Current GC threshold: 21.00 MB
CDS: on
 - commit_granule_bytes: 65536.
 - commit_granule_words: 8192.
 - virtual_space_node_default_size: 8388608.
 - enlarge_chunks_in_place: 1.
 - use_allocation_guard: 0.


Internal statistics:

num_allocs_failed_limit: 0.
num_arena_births: 506.
num_arena_deaths: 0.
num_vsnodes_births: 2.
num_vsnodes_deaths: 0.
num_space_committed: 257.
num_space_uncommitted: 0.
num_chunks_returned_to_freelist: 0.
num_chunks_taken_from_freelist: 976.
num_chunk_merges: 0.
num_chunk_splits: 546.
num_chunks_enlarged: 268.
num_inconsistent_stats: 0.

CodeHeap 'non-profiled nmethods': size=120000Kb used=825Kb max_used=825Kb free=119174Kb
 bounds [0x000001bc1ea90000, 0x000001bc1ed00000, 0x000001bc25fc0000]
CodeHeap 'profiled nmethods': size=120000Kb used=4143Kb max_used=4143Kb free=115856Kb
 bounds [0x000001bc16fc0000, 0x000001bc173d0000, 0x000001bc1e4f0000]
CodeHeap 'non-nmethods': size=5760Kb used=1508Kb max_used=1535Kb free=4251Kb
 bounds [0x000001bc1e4f0000, 0x000001bc1e760000, 0x000001bc1ea90000]
 total_blobs=2760 nmethods=2175 adapters=489
 compilation: enabled
              stopped_count=0, restarted_count=0
 full_count=0

Compilation events (20 events):
Event: 11.763 Thread 0x000001bc29f39000 2168       3       jdk.internal.module.SystemModuleFinders$SystemModuleReader::findImageLocation (42 bytes)
Event: 11.764 Thread 0x000001bc29f39000 nmethod 2168 0x000001bc173c2d90 code [0x000001bc173c2fc0, 0x000001bc173c3668]
Event: 11.764 Thread 0x000001bc29f39000 2169       3       jdk.internal.jimage.ImageReader::findLocation (14 bytes)
Event: 11.765 Thread 0x000001bc29f39000 nmethod 2169 0x000001bc173c3910 code [0x000001bc173c3ae0, 0x000001bc173c3e18]
Event: 11.765 Thread 0x000001bc29f39000 2170       3       jdk.internal.jimage.ImageLocation::<init> (27 bytes)
Event: 11.765 Thread 0x000001bc29f39000 nmethod 2170 0x000001bc173c3f90 code [0x000001bc173c4180, 0x000001bc173c4768]
Event: 11.765 Thread 0x000001bc29f39000 2171       3       jdk.internal.module.SystemModuleFinders$SystemModuleReader::release (10 bytes)
Event: 11.766 Thread 0x000001bc29f39000 nmethod 2171 0x000001bc173c4910 code [0x000001bc173c4b00, 0x000001bc173c4f78]
Event: 11.766 Thread 0x000001bc29f39000 2172   !   3       jdk.internal.loader.BuiltinClassLoader::defineClass (162 bytes)
Event: 11.766 Thread 0x000001bc29f3c450 2173       4       jdk.internal.jimage.ImageStringsReader::stringFromByteBufferMatches (138 bytes)
Event: 11.771 Thread 0x000001bc29f39000 nmethod 2172 0x000001bc173c5110 code [0x000001bc173c5600, 0x000001bc173c7d90]
Event: 11.771 Thread 0x000001bc29f39000 2174       3       jdk.internal.loader.BuiltinClassLoader$LoadedModule::codeSourceURL (32 bytes)
Event: 11.772 Thread 0x000001bc29f39000 nmethod 2174 0x000001bc173c8f10 code [0x000001bc173c90e0, 0x000001bc173c9408]
Event: 11.772 Thread 0x000001bc29f39000 2175       3       java.lang.ClassLoader::defineClass (108 bytes)
Event: 11.774 Thread 0x000001bc29f39000 nmethod 2175 0x000001bc173c9590 code [0x000001bc173c98a0, 0x000001bc173ca8c8]
Event: 11.776 Thread 0x000001bc29f3c450 nmethod 2173 0x000001bc1eb5da10 code [0x000001bc1eb5dbe0, 0x000001bc1eb5e020]
Event: 11.807 Thread 0x000001bc29f39000 2176       3       java.io.File::<init> (47 bytes)
Event: 11.808 Thread 0x000001bc29f39000 nmethod 2176 0x000001bc173cae90 code [0x000001bc173cb080, 0x000001bc173cb410]
Event: 11.822 Thread 0x000001bc29f39000 2177       3       java.lang.ThreadLocal$ThreadLocalMap::getEntry (42 bytes)
Event: 11.822 Thread 0x000001bc29f39000 nmethod 2177 0x000001bc173cb590 code [0x000001bc173cb760, 0x000001bc173cbb30]

GC Heap History (4 events):
Event: 2.569 GC heap before
{Heap before GC invocations=0 (full 0):
 garbage-first heap   total 65536K, used 13312K [0x00000000c1a00000, 0x0000000100000000)
  region size 1024K, 13 young (13312K), 0 survivors (0K)
 Metaspace       used 5530K, committed 5824K, reserved 1114112K
  class space    used 585K, committed 704K, reserved 1048576K
}
Event: 2.585 GC heap after
{Heap after GC invocations=1 (full 0):
 garbage-first heap   total 65536K, used 4288K [0x00000000c1a00000, 0x0000000100000000)
  region size 1024K, 2 young (2048K), 2 survivors (2048K)
 Metaspace       used 5530K, committed 5824K, reserved 1114112K
  class space    used 585K, committed 704K, reserved 1048576K
}
Event: 5.480 GC heap before
{Heap before GC invocations=1 (full 0):
 garbage-first heap   total 65536K, used 17600K [0x00000000c1a00000, 0x0000000100000000)
  region size 1024K, 15 young (15360K), 2 survivors (2048K)
 Metaspace       used 11129K, committed 11520K, reserved 1114112K
  class space    used 1288K, committed 1472K, reserved 1048576K
}
Event: 5.497 GC heap after
{Heap after GC invocations=2 (full 0):
 garbage-first heap   total 65536K, used 7122K [0x00000000c1a00000, 0x0000000100000000)
  region size 1024K, 2 young (2048K), 2 survivors (2048K)
 Metaspace       used 11129K, committed 11520K, reserved 1114112K
  class space    used 1288K, committed 1472K, reserved 1048576K
}

Dll operation events (12 events):
Event: 0.032 Loaded shared library C:\Program Files\Java\jdk-21\bin\java.dll
Event: 0.128 Loaded shared library C:\Program Files\Java\jdk-21\bin\jsvml.dll
Event: 0.375 Loaded shared library C:\Program Files\Java\jdk-21\bin\zip.dll
Event: 0.386 Loaded shared library C:\Program Files\Java\jdk-21\bin\instrument.dll
Event: 0.397 Loaded shared library C:\Program Files\Java\jdk-21\bin\net.dll
Event: 0.401 Loaded shared library C:\Program Files\Java\jdk-21\bin\nio.dll
Event: 0.412 Loaded shared library C:\Program Files\Java\jdk-21\bin\zip.dll
Event: 0.436 Loaded shared library C:\Program Files\JetBrains\IntelliJ IDEA Community Edition 2023.3.2\bin\breakgen64.dll
Event: 0.466 Loaded shared library C:\Program Files\Java\jdk-21\bin\extnet.dll
Event: 0.740 Loaded shared library C:\Program Files\Java\jdk-21\bin\verify.dll
Event: 0.755 Loaded shared library C:\Program Files\Java\jdk-21\bin\jimage.dll
Event: 5.696 Loaded shared library C:\Program Files\Java\jdk-21\bin\sunmscapi.dll

Deoptimization events (20 events):
Event: 5.855 Thread 0x000001bc0d3a1030 Uncommon trap: trap_request=0xffffffc6 fr.pc=0x000001bc1eb109d4 relative=0x00000000000003d4
Event: 5.855 Thread 0x000001bc0d3a1030 Uncommon trap: reason=bimorphic_or_optimized_type_check action=maybe_recompile pc=0x000001bc1eb109d4 method=java.util.regex.Pattern$BmpCharPropertyGreedy.match(Ljava/util/regex/Matcher;ILjava/lang/CharSequence;)Z @ 26 c2
Event: 5.855 Thread 0x000001bc0d3a1030 DEOPT PACKING pc=0x000001bc1eb109d4 sp=0x0000000cee3fd550
Event: 5.855 Thread 0x000001bc0d3a1030 DEOPT UNPACKING pc=0x000001bc1e5446a2 sp=0x0000000cee3fd508 mode 2
Event: 6.007 Thread 0x000001bc29fa0920 Uncommon trap: trap_request=0xffffff45 fr.pc=0x000001bc1eb29e00 relative=0x0000000000000760
Event: 6.007 Thread 0x000001bc29fa0920 Uncommon trap: reason=unstable_if action=reinterpret pc=0x000001bc1eb29e00 method=java.util.regex.Pattern$BmpCharPropertyGreedy.match(Ljava/util/regex/Matcher;ILjava/lang/CharSequence;)Z @ 73 c2
Event: 6.007 Thread 0x000001bc29fa0920 DEOPT PACKING pc=0x000001bc1eb29e00 sp=0x0000000cefefdf60
Event: 6.007 Thread 0x000001bc29fa0920 DEOPT UNPACKING pc=0x000001bc1e5446a2 sp=0x0000000cefefde40 mode 2
Event: 6.007 Thread 0x000001bc29fa0920 Uncommon trap: trap_request=0xffffffc6 fr.pc=0x000001bc1eb109d4 relative=0x00000000000003d4
Event: 6.007 Thread 0x000001bc29fa0920 Uncommon trap: reason=bimorphic_or_optimized_type_check action=maybe_recompile pc=0x000001bc1eb109d4 method=java.util.regex.Pattern$BmpCharPropertyGreedy.match(Ljava/util/regex/Matcher;ILjava/lang/CharSequence;)Z @ 26 c2
Event: 6.007 Thread 0x000001bc29fa0920 DEOPT PACKING pc=0x000001bc1eb109d4 sp=0x0000000cefefde80
Event: 6.007 Thread 0x000001bc29fa0920 DEOPT UNPACKING pc=0x000001bc1e5446a2 sp=0x0000000cefefde38 mode 2
Event: 6.783 Thread 0x000001bc6fac1430 Uncommon trap: trap_request=0xffffff45 fr.pc=0x000001bc1eaff7d4 relative=0x0000000000000cd4
Event: 6.783 Thread 0x000001bc6fac1430 Uncommon trap: reason=unstable_if action=reinterpret pc=0x000001bc1eaff7d4 method=java.util.concurrent.ConcurrentHashMap.addCount(JI)V @ 34 c2
Event: 6.783 Thread 0x000001bc6fac1430 DEOPT PACKING pc=0x000001bc1eaff7d4 sp=0x0000000cefafdd50
Event: 6.783 Thread 0x000001bc6fac1430 DEOPT UNPACKING pc=0x000001bc1e5446a2 sp=0x0000000cefafdc10 mode 2
Event: 6.783 Thread 0x000001bc6fac1430 Uncommon trap: trap_request=0xffffff45 fr.pc=0x000001bc1eb01b10 relative=0x0000000000000150
Event: 6.783 Thread 0x000001bc6fac1430 Uncommon trap: reason=unstable_if action=reinterpret pc=0x000001bc1eb01b10 method=java.util.concurrent.ConcurrentHashMap.addCount(JI)V @ 7 c2
Event: 6.783 Thread 0x000001bc6fac1430 DEOPT PACKING pc=0x000001bc1eb01b10 sp=0x0000000cefafe120
Event: 6.783 Thread 0x000001bc6fac1430 DEOPT UNPACKING pc=0x000001bc1e5446a2 sp=0x0000000cefafe080 mode 2

Classes loaded (20 events):
Event: 11.834 Loading class java/util/logging/LogManager$CloseOnReset
Event: 11.834 Loading class java/util/logging/LogManager$CloseOnReset done
Event: 11.834 Loading class java/util/logging/LogRecord$CallerFinder
Event: 11.835 Loading class java/util/logging/LogRecord$CallerFinder done
Event: 11.836 Loading class java/lang/StackStreamFactory
Event: 11.837 Loading class java/lang/StackStreamFactory done
Event: 11.837 Loading class java/lang/StackWalker$ExtendedOption
Event: 11.837 Loading class java/lang/StackWalker$ExtendedOption done
Event: 11.838 Loading class java/lang/StackStreamFactory$StackFrameTraverser
Event: 11.838 Loading class java/lang/StackStreamFactory$StackFrameTraverser done
Event: 11.838 Loading class java/lang/StackStreamFactory$WalkerState
Event: 11.838 Loading class java/lang/StackStreamFactory$WalkerState done
Event: 11.838 Loading class java/lang/StackStreamFactory$StackFrameTraverser$StackFrameBuffer
Event: 11.838 Loading class java/lang/StackStreamFactory$FrameBuffer
Event: 11.839 Loading class java/lang/StackStreamFactory$FrameBuffer done
Event: 11.839 Loading class java/lang/StackStreamFactory$StackFrameTraverser$StackFrameBuffer done
Event: 11.844 Loading class java/text/FieldPosition$Delegate
Event: 11.844 Loading class java/text/FieldPosition$Delegate done
Event: 11.845 Loading class java/util/logging/Level$RbAccess
Event: 11.845 Loading class java/util/logging/Level$RbAccess done

Classes unloaded (0 events):
No events

Classes redefined (0 events):
No events

Internal exceptions (20 events):
Event: 5.172 Thread 0x000001bc0d3a1030 Exception <a 'java/lang/NoSuchMethodError'{0x00000000c50c9cf8}: 'int java.lang.invoke.Invokers$Holder.linkToTargetMethod(java.lang.Object, java.lang.Object, java.lang.Object)'> (0x00000000c50c9cf8) 
thrown [s\open\src\hotspot\share\interpreter\linkResolver.cpp, line 773]
Event: 5.179 Thread 0x000001bc0d3a1030 Exception <a 'java/lang/NoSuchMethodError'{0x00000000c50d8f28}: 'long java.lang.invoke.DirectMethodHandle$Holder.invokeSpecial(java.lang.Object, java.lang.Object)'> (0x00000000c50d8f28) 
thrown [s\open\src\hotspot\share\interpreter\linkResolver.cpp, line 773]
Event: 5.278 Thread 0x000001bc0d3a1030 Exception <a 'sun/nio/fs/WindowsException'{0x00000000c4fa7870}> (0x00000000c4fa7870) 
thrown [s\open\src\hotspot\share\prims\jni.cpp, line 520]
Event: 5.850 Thread 0x000001bc0d3a1030 Exception <a 'java/lang/NoSuchMethodError'{0x00000000c55f8458}: 'java.lang.Object java.lang.invoke.DirectMethodHandle$Holder.invokeInterface(java.lang.Object, java.lang.Object, java.lang.Object)'> (0x00000000c55f8458) 
thrown [s\open\src\hotspot\share\interpreter\linkResolver.cpp, line 773]
Event: 5.851 Thread 0x000001bc0d3a1030 Exception <a 'java/lang/IncompatibleClassChangeError'{0x00000000c55fb840}: Found class java.lang.Object, but interface was expected> (0x00000000c55fb840) 
thrown [s\open\src\hotspot\share\interpreter\linkResolver.cpp, line 840]
Event: 5.854 Thread 0x000001bc0d3a1030 Exception <a 'java/lang/NoSuchMethodError'{0x00000000c5403208}: 'int java.lang.invoke.DirectMethodHandle$Holder.invokeSpecialIFC(java.lang.Object, java.lang.Object, java.lang.Object, java.lang.Object)'> (0x00000000c5403208) 
thrown [s\open\src\hotspot\share\interpreter\linkResolver.cpp, line 773]
Event: 5.863 Thread 0x000001bc0d3a1030 Exception <a 'java/lang/NoSuchMethodError'{0x00000000c54251d0}: 'java.lang.Object java.lang.invoke.DirectMethodHandle$Holder.invokeVirtual(java.lang.Object, java.lang.Object, java.lang.Object, java.lang.Object)'> (0x00000000c54251d0) 
thrown [s\open\src\hotspot\share\interpreter\linkResolver.cpp, line 773]
Event: 6.031 Thread 0x000001bc29fa0920 Exception <a 'java/net/ConnectException'{0x00000000c548d598}: Connection refused: getsockopt> (0x00000000c548d598) 
thrown [s\open\src\hotspot\share\prims\jni.cpp, line 539]
Event: 6.047 Thread 0x000001bc29fa0920 Exception <a 'java/net/ConnectException'{0x00000000c548e608}: Connection refused: getsockopt> (0x00000000c548e608) 
thrown [s\open\src\hotspot\share\prims\jni.cpp, line 539]
Event: 6.121 Thread 0x000001bc29fa0920 Exception <a 'java/net/ConnectException'{0x00000000c548f4a0}: Connection refused: getsockopt> (0x00000000c548f4a0) 
thrown [s\open\src\hotspot\share\prims\jni.cpp, line 539]
Event: 6.184 Thread 0x000001bc29fa0920 Exception <a 'java/net/ConnectException'{0x00000000c5490338}: Connection refused: getsockopt> (0x00000000c5490338) 
thrown [s\open\src\hotspot\share\prims\jni.cpp, line 539]
Event: 6.284 Thread 0x000001bc29fa0920 Exception <a 'java/net/ConnectException'{0x00000000c54911d0}: Connection refused: getsockopt> (0x00000000c54911d0) 
thrown [s\open\src\hotspot\share\prims\jni.cpp, line 539]
Event: 6.554 Thread 0x000001bc0d3a1030 Exception <a 'java/lang/NoSuchMethodError'{0x00000000c5367308}: 'java.lang.Object java.lang.invoke.DirectMethodHandle$Holder.newInvokeSpecial(java.lang.Object, java.lang.Object, int, int)'> (0x00000000c5367308) 
thrown [s\open\src\hotspot\share\interpreter\linkResolver.cpp, line 773]
Event: 6.556 Thread 0x000001bc0d3a1030 Exception <a 'java/lang/NoSuchMethodError'{0x00000000c5371530}: 'void java.lang.invoke.DirectMethodHandle$Holder.invokeStatic(java.lang.Object, java.lang.Object, int)'> (0x00000000c5371530) 
thrown [s\open\src\hotspot\share\interpreter\linkResolver.cpp, line 773]
Event: 6.715 Thread 0x000001bc6f1080c0 Exception <a 'java/lang/NoSuchMethodError'{0x00000000c52fbf10}: 'java.lang.Object java.lang.invoke.DirectMethodHandle$Holder.invokeSpecial(java.lang.Object, java.lang.Object, java.lang.Object, java.lang.Object, int)'> (0x00000000c52fbf10) 
thrown [s\open\src\hotspot\share\interpreter\linkResolver.cpp, line 773]
Event: 6.716 Thread 0x000001bc6f1080c0 Exception <a 'java/lang/NoSuchMethodError'{0x00000000c52ffaa8}: 'java.lang.Object java.lang.invoke.Invokers$Holder.linkToTargetMethod(java.lang.Object, java.lang.Object, int, java.lang.Object)'> (0x00000000c52ffaa8) 
thrown [s\open\src\hotspot\share\interpreter\linkResolver.cpp, line 773]
Event: 6.757 Thread 0x000001bc6f1080c0 Exception <a 'java/lang/NoSuchMethodError'{0x00000000c5140080}: 'void java.lang.invoke.DirectMethodHandle$Holder.invokeSpecial(java.lang.Object, java.lang.Object, java.lang.Object, java.lang.Object, java.lang.Object)'> (0x00000000c5140080) 
thrown [s\open\src\hotspot\share\interpreter\linkResolver.cpp, line 773]
Event: 11.538 Thread 0x000001bc6f1080c0 Exception <a 'java/lang/NoSuchMethodError'{0x00000000c51ef610}: 'java.lang.Object java.lang.invoke.DirectMethodHandle$Holder.newInvokeSpecial(java.lang.Object, java.lang.Object, long, java.lang.Object, java.lang.Object, java.lang.Object)'> (0x00000000c51ef610) 
thrown [s\open\src\hotspot\share\interpreter\linkResolver.cpp, line 773]
Event: 11.545 Thread 0x000001bc6f1080c0 Exception <a 'java/lang/NoSuchMethodError'{0x00000000c5012798}: 'void java.lang.invoke.DirectMethodHandle$Holder.invokeSpecial(java.lang.Object, java.lang.Object, java.lang.Object, java.lang.Object, java.lang.Object, java.lang.Object, java.lang.Object)'> (0x00000000c5012798) 
thrown [s\open\src\hotspot\share\interpreter\linkResolver.cpp, line 773]
Event: 11.576 Thread 0x000001bc0d3a1030 Exception <a 'java/lang/NoSuchMethodError'{0x00000000c50604c8}: 'java.lang.Object java.lang.invoke.DirectMethodHandle$Holder.invokeSpecialIFC(java.lang.Object, java.lang.Object, java.lang.Object)'> (0x00000000c50604c8) 
thrown [s\open\src\hotspot\share\interpreter\linkResolver.cpp, line 773]

ZGC Phase Switch (0 events):
No events

VM Operations (20 events):
Event: 5.427 Executing VM operation: HandshakeAllThreads (Deoptimize)
Event: 5.427 Executing VM operation: HandshakeAllThreads (Deoptimize) done
Event: 5.480 Executing VM operation: G1CollectForAllocation (G1 Evacuation Pause)
Event: 5.497 Executing VM operation: G1CollectForAllocation (G1 Evacuation Pause) done
Event: 5.969 Executing VM operation: HandshakeAllThreads (Deoptimize)
Event: 5.982 Executing VM operation: HandshakeAllThreads (Deoptimize) done
Event: 6.468 Executing VM operation: HandshakeAllThreads (Deoptimize)
Event: 6.469 Executing VM operation: HandshakeAllThreads (Deoptimize) done
Event: 6.582 Executing VM operation: HandshakeAllThreads (Deoptimize)
Event: 6.582 Executing VM operation: HandshakeAllThreads (Deoptimize) done
Event: 6.582 Executing VM operation: Cleanup
Event: 6.583 Executing VM operation: Cleanup done
Event: 7.591 Executing VM operation: Cleanup
Event: 7.591 Executing VM operation: Cleanup done
Event: 11.514 Executing VM operation: HandshakeAllThreads (Deoptimize)
Event: 11.514 Executing VM operation: HandshakeAllThreads (Deoptimize) done
Event: 11.519 Executing VM operation: HandshakeAllThreads (Deoptimize)
Event: 11.519 Executing VM operation: HandshakeAllThreads (Deoptimize) done
Event: 11.519 Executing VM operation: Cleanup
Event: 11.520 Executing VM operation: Cleanup done

Events (20 events):
Event: 0.126 Thread 0x000001bc29f3c450 Thread added: 0x000001bc29f3c450
Event: 0.127 Thread 0x000001bc29f39000 Thread added: 0x000001bc29f39000
Event: 0.316 Thread 0x000001bc29f0c4c0 Thread added: 0x000001bc29f0c4c0
Event: 0.438 Thread 0x000001bc6f2c4d50 Thread added: 0x000001bc6f2c4d50
Event: 0.439 Thread 0x000001bc6f2c53c0 Thread added: 0x000001bc6f2c53c0
Event: 3.249 Thread 0x000001bc6f8f2a50 Thread added: 0x000001bc6f8f2a50
Event: 4.919 Thread 0x000001bc6f8f2a50 Thread exited: 0x000001bc6f8f2a50
Event: 5.061 Thread 0x000001bc70131e70 Thread added: 0x000001bc70131e70
Event: 5.806 Thread 0x000001bc6fac1430 Thread added: 0x000001bc6fac1430
Event: 5.967 Thread 0x000001bc6f814360 Thread added: 0x000001bc6f814360
Event: 5.983 Thread 0x000001bc6f8149d0 Thread added: 0x000001bc6f8149d0
Event: 5.984 Thread 0x000001bc29f9faa0 Thread added: 0x000001bc29f9faa0
Event: 5.994 Thread 0x000001bc29fa0920 Thread added: 0x000001bc29fa0920
Event: 6.467 Thread 0x000001bc6f10b540 Thread added: 0x000001bc6f10b540
Event: 6.686 Thread 0x000001bc6f1080c0 Thread added: 0x000001bc6f1080c0
Event: 6.795 Thread 0x000001bc6f108de0 Thread added: 0x000001bc6f108de0
Event: 11.679 Thread 0x000001bc6f108750 Thread added: 0x000001bc6f108750
Event: 11.681 Thread 0x000001bc6f109470 Thread added: 0x000001bc6f109470
Event: 11.689 Thread 0x000001bc6f10a190 Thread added: 0x000001bc6f10a190
Event: 11.728 Thread 0x000001bc6f109b00 Thread added: 0x000001bc6f109b00


Dynamic libraries:
0x00007ff7b8a70000 - 0x00007ff7b8a80000 	C:\Program Files\Java\jdk-21\bin\java.exe
0x00007ffb77870000 - 0x00007ffb77a68000 	C:\Windows\SYSTEM32\ntdll.dll
0x00007ffb76d80000 - 0x00007ffb76e3d000 	C:\Windows\System32\KERNEL32.DLL
0x00007ffb75230000 - 0x00007ffb75526000 	C:\Windows\System32\KERNELBASE.dll
0x00007ffb755a0000 - 0x00007ffb756a0000 	C:\Windows\System32\ucrtbase.dll
0x00007ffb72fc0000 - 0x00007ffb72fd9000 	C:\Program Files\Java\jdk-21\bin\jli.dll
0x00007ffb75990000 - 0x00007ffb75a40000 	C:\Windows\System32\ADVAPI32.dll
0x00007ffb75e20000 - 0x00007ffb75ebe000 	C:\Windows\System32\msvcrt.dll
0x00007ffb77640000 - 0x00007ffb776e0000 	C:\Windows\System32\sechost.dll
0x00007ffb6f280000 - 0x00007ffb6f29b000 	C:\Program Files\Java\jdk-21\bin\VCRUNTIME140.dll
0x00007ffb75cf0000 - 0x00007ffb75e13000 	C:\Windows\System32\RPCRT4.dll
0x00007ffb74f20000 - 0x00007ffb74f47000 	C:\Windows\System32\bcrypt.dll
0x00007ffb75fe0000 - 0x00007ffb7617f000 	C:\Windows\System32\USER32.dll
0x00007ffb75870000 - 0x00007ffb75892000 	C:\Windows\System32\win32u.dll
0x00007ffb77790000 - 0x00007ffb777bb000 	C:\Windows\System32\GDI32.dll
0x00007ffb756a0000 - 0x00007ffb757b7000 	C:\Windows\System32\gdi32full.dll
0x00007ffb75190000 - 0x00007ffb7522d000 	C:\Windows\System32\msvcp_win.dll
0x00007ffb74380000 - 0x00007ffb7461a000 	C:\Windows\WinSxS\amd64_microsoft.windows.common-controls_6595b64144ccf1df_6.0.19041.3636_none_60b6a03d71f818d5\COMCTL32.dll
0x00007ffb6db70000 - 0x00007ffb6db7a000 	C:\Windows\SYSTEM32\VERSION.dll
0x00007ffb76d40000 - 0x00007ffb76d72000 	C:\Windows\System32\IMM32.DLL
0x00007ffb73040000 - 0x00007ffb7304c000 	C:\Program Files\Java\jdk-21\bin\vcruntime140_1.dll
0x00007ffb57020000 - 0x00007ffb570ae000 	C:\Program Files\Java\jdk-21\bin\msvcp140.dll
0x00007ffb27c90000 - 0x00007ffb289a7000 	C:\Program Files\Java\jdk-21\bin\server\jvm.dll
0x00007ffb75a40000 - 0x00007ffb75aab000 	C:\Windows\System32\WS2_32.dll
0x00007ffb6b760000 - 0x00007ffb6b787000 	C:\Windows\SYSTEM32\WINMM.dll
0x00007ffb74d80000 - 0x00007ffb74dcb000 	C:\Windows\SYSTEM32\POWRPROF.dll
0x00007ffb74d60000 - 0x00007ffb74d72000 	C:\Windows\SYSTEM32\UMPDC.dll
0x00007ffb71f70000 - 0x00007ffb71f82000 	C:\Windows\SYSTEM32\kernel.appcore.dll
0x00007ffb72f60000 - 0x00007ffb72f6a000 	C:\Program Files\Java\jdk-21\bin\jimage.dll
0x00007ffb74830000 - 0x00007ffb74a14000 	C:\Windows\SYSTEM32\DBGHELP.DLL
0x00007ffb747f0000 - 0x00007ffb74824000 	C:\Windows\SYSTEM32\dbgcore.DLL
0x00007ffb750b0000 - 0x00007ffb75132000 	C:\Windows\System32\bcryptPrimitives.dll
0x00007ffb73390000 - 0x00007ffb7339f000 	C:\Program Files\Java\jdk-21\bin\instrument.dll
0x00007ffb6f1e0000 - 0x00007ffb6f1ff000 	C:\Program Files\Java\jdk-21\bin\java.dll
0x00007ffb76ed0000 - 0x00007ffb7763b000 	C:\Windows\System32\SHELL32.dll
0x00007ffb72170000 - 0x00007ffb7290e000 	C:\Windows\SYSTEM32\windows.storage.dll
0x00007ffb76180000 - 0x00007ffb764d3000 	C:\Windows\System32\combase.dll
0x00007ffb74140000 - 0x00007ffb7416e000 	C:\Windows\SYSTEM32\Wldp.dll
0x00007ffb76c70000 - 0x00007ffb76d3d000 	C:\Windows\System32\OLEAUT32.dll
0x00007ffb776e0000 - 0x00007ffb7778d000 	C:\Windows\System32\SHCORE.dll
0x00007ffb75930000 - 0x00007ffb75985000 	C:\Windows\System32\shlwapi.dll
0x00007ffb74e50000 - 0x00007ffb74e73000 	C:\Windows\SYSTEM32\profapi.dll
0x00007ffb56080000 - 0x00007ffb56157000 	C:\Program Files\Java\jdk-21\bin\jsvml.dll
0x00007ffb6a880000 - 0x00007ffb6a898000 	C:\Program Files\Java\jdk-21\bin\zip.dll
0x00007ffb72f10000 - 0x00007ffb72f20000 	C:\Program Files\Java\jdk-21\bin\net.dll
0x00007ffb6a5b0000 - 0x00007ffb6a6ba000 	C:\Windows\SYSTEM32\WINHTTP.dll
0x00007ffb73f50000 - 0x00007ffb73fba000 	C:\Windows\system32\mswsock.dll
0x00007ffb6e600000 - 0x00007ffb6e616000 	C:\Program Files\Java\jdk-21\bin\nio.dll
0x00007ffb6fe40000 - 0x00007ffb6fe5a000 	C:\Program Files\JetBrains\IntelliJ IDEA Community Edition 2023.3.2\bin\breakgen64.dll
0x00007ffb72ed0000 - 0x00007ffb72ed9000 	C:\Program Files\Java\jdk-21\bin\extnet.dll
0x00007ffb6f270000 - 0x00007ffb6f280000 	C:\Program Files\Java\jdk-21\bin\verify.dll
0x00007ffb74bc0000 - 0x00007ffb74bd8000 	C:\Windows\SYSTEM32\CRYPTSP.dll
0x00007ffb738d0000 - 0x00007ffb73904000 	C:\Windows\system32\rsaenh.dll
0x00007ffb74dd0000 - 0x00007ffb74dfe000 	C:\Windows\SYSTEM32\USERENV.dll
0x00007ffb74170000 - 0x00007ffb7417c000 	C:\Windows\SYSTEM32\CRYPTBASE.dll
0x00007ffb73c30000 - 0x00007ffb73c6b000 	C:\Windows\SYSTEM32\IPHLPAPI.DLL
0x00007ffb758a0000 - 0x00007ffb758a8000 	C:\Windows\System32\NSI.dll
0x00007ffb73c70000 - 0x00007ffb73d3b000 	C:\Windows\SYSTEM32\DNSAPI.dll
0x00007ffb63580000 - 0x00007ffb6358a000 	C:\Windows\System32\rasadhlp.dll
0x00007ffb63e40000 - 0x00007ffb63ec0000 	C:\Windows\System32\fwpuclnt.dll
0x00007ffb718c0000 - 0x00007ffb718ce000 	C:\Program Files\Java\jdk-21\bin\sunmscapi.dll
0x00007ffb74f50000 - 0x00007ffb750ae000 	C:\Windows\System32\CRYPT32.dll
0x00007ffb74260000 - 0x00007ffb74288000 	C:\Windows\SYSTEM32\ncrypt.dll
0x00007ffb74220000 - 0x00007ffb7425b000 	C:\Windows\SYSTEM32\NTASN1.dll
0x00007ffb73410000 - 0x00007ffb73417000 	C:\Windows\system32\wshunix.dll

dbghelp: loaded successfully - version: 4.0.5 - missing functions: none
symbol engine: initialized successfully - sym options: 0x614 - pdb path: .;C:\Program Files\Java\jdk-21\bin;C:\Windows\SYSTEM32;C:\Windows\WinSxS\amd64_microsoft.windows.common-controls_6595b64144ccf1df_6.0.19041.3636_none_60b6a03d71f818d5;C:\Program Files\Java\jdk-21\bin\server;C:\Program Files\JetBrains\IntelliJ IDEA Community Edition 2023.3.2\bin

VM Arguments:
jvm_args: -ea -Didea.test.cyclic.buffer.size=1048576 -javaagent:C:\Program Files\JetBrains\IntelliJ IDEA Community Edition 2023.3.2\lib\idea_rt.jar=54737:C:\Program Files\JetBrains\IntelliJ IDEA Community Edition 2023.3.2\bin -Dfile.encoding=UTF-8 -Dsun.stdout.encoding=UTF-8 -Dsun.stderr.encoding=UTF-8 
java_command: com.intellij.rt.testng.RemoteTestNGStarter -usedefaultlisteners false -socket54736 @w@C:\Users\HP\AppData\Local\Temp\idea_working_dirs_testng.tmp -temp C:\Users\HP\AppData\Local\Temp\idea_testng.tmp
java_class_path (initial): C:\Program Files\JetBrains\IntelliJ IDEA Community Edition 2023.3.2\lib\idea_rt.jar;C:\Program Files\JetBrains\IntelliJ IDEA Community Edition 2023.3.2\plugins\testng\lib\testng-rt.jar;C:\Users\HP\Desktop\ExcelRProject2\Project2\Project2\target\test-classes;C:\Users\HP\.m2\repository\org\seleniumhq\selenium\selenium-java\4.18.1\selenium-java-4.18.1.jar;C:\Users\HP\.m2\repository\org\seleniumhq\selenium\selenium-api\4.18.1\selenium-api-4.18.1.jar;C:\Users\HP\.m2\repository\org\seleniumhq\selenium\selenium-chrome-driver\4.18.1\selenium-chrome-driver-4.18.1.jar;C:\Users\HP\.m2\repository\com\google\auto\service\auto-service-annotations\1.1.1\auto-service-annotations-1.1.1.jar;C:\Users\HP\.m2\repository\org\seleniumhq\selenium\selenium-chromium-driver\4.18.1\selenium-chromium-driver-4.18.1.jar;C:\Users\HP\.m2\repository\org\seleniumhq\selenium\selenium-json\4.18.1\selenium-json-4.18.1.jar;C:\Users\HP\.m2\repository\org\seleniumhq\selenium\selenium-manager\4.18.1\selenium-manager-4.18.1.jar;C:\Users\HP\.m2\repository\org\seleniumhq\selenium\selenium-devtools-v120\4.18.1\selenium-devtools-v120-4.18.1.jar;C:\Users\HP\.m2\repository\org\seleniumhq\selenium\selenium-devtools-v121\4.18.1\selenium-devtools-v121-4.18.1.jar;C:\Users\HP\.m2\repository\org\seleniumhq\selenium\selenium-devtools-v122\4.18.1\selenium-devtools-v122-4.18.1.jar;C:\Users\HP\.m2\repository\org\seleniumhq\selenium\selenium-devtools-v85\4.18.1\selenium-devtools-v85-4.18.1.jar;C:\Users\HP\.m2\repository\org\seleniumhq\selenium\selenium-edge-driver\4.18.1\selenium-edge-driver-4.18.1.jar;C:\Users\HP\.m2\repository\org\seleniumhq\selenium\selenium-firefox-driver\4.18.1\selenium-firefox-driver-4.18.1.jar;C:\Users\HP\.m2\repository\org\seleniumhq\selenium\selenium-http\4.18.1\selenium-http-4.18.1.jar;C:\Users\HP\.m2\repository\dev\failsafe\failsafe\3.3.2\failsafe-3.3.2.jar;C:\Users\HP\.m2\repository\org\seleniumhq\selenium\selenium-ie-driver\4.18.1\selenium-ie-driver-4.18.1.jar;C:\Users\HP\.m2\repository\org\seleniumhq\selenium\selenium-remote-driver\4.18.1\selenium-remote-driver-4.18.1.jar;C:\Users\HP\.m2\repository\com\google\guava\guava\33.0.0-jre\guava-33.0.0-jre.jar;C:\Users\HP\.m2\repository\com\google\guava\failureaccess\1.0.2\failureaccess-1.0.2.jar;C:\Users\HP\.m2\repository\com\google\guava\listenablefuture\9999.0-empty-to-avoid-conflict-with-guava\listenablefuture-9999.0-empty-to-avoid-conflict-with-guava.jar;C:\Users\HP\.m2\repository\com\google\code\findbugs\jsr305\3.0.2\jsr305-3.0.2.jar;C:\Users\HP\.m2\repository\org\checkerframework\checker-qual\3.41.0\checker-qual-3.41.0.jar;C:\Users\HP\.m2\repository\com\google\errorprone\error_prone_annotations\2.23.0\error_prone_annotations-2.23.0.jar;C:\Users\HP\.m2\repository\com\google\j2objc\j2objc-annotations\2.8\j2objc-annotations-2.8.jar;C:\Users\HP\.m2\repository\io\opentelemetry\semconv\opentelemetry-semconv\1.23.1-alpha\opentelemetry-semconv-1.23.1-alpha.jar;C:\Users\HP\.m2\repository\io\opentelemetry\opentelemetry-api\1.35.0\opentelemetry-api-1.35.0.jar;C:\Users\HP\.m2\repository\io\opentelemetry\opentelemetry-context\1.35.0\opentelemetry-context-1.35.0.jar;C:\Users\HP\.m2\repository\io\opentelemetry\opentelemetry-exporter-logging\1.35.0\opentelemetry-exporter-logging-1.35.0.jar;C:\Users\HP\.m2\repository\io\opentelemetry\opentelemetry-sdk-common\1.35.0\opentelemetry-sdk-common-1.35.0.jar;C:\Users\HP\.m2\repository\io\opentelemetry\opentelemetry-sdk-extension-autoconfigure-spi\1.35.0\opentelemetry-sdk-extension-autoconfigure-spi-1.35.0.jar;C:\Users\HP\.m2\repository\io\opentelemetry\opentelemetry-sdk-extension-autoconfigure\1.35.0\opentelemetry-sdk-extension-autoconfigure-1.35.0.jar;C:\Users\HP\.m2\repository\io\opentelemetry\opentelemetry-api-events\1.35.0-alpha\opentelemetry-api-events-1.35.0-alpha.jar;C:\Users\HP\.m2\repository\io\opentelemetry\opentelemetry-sdk-trace\1.35.0\opentelemetry-sdk-trace-1.35.0.jar;C:\Users\HP\.m2\repository\io\opentelemetry\opentelemetry-extension-incubator\1.35.0-alpha\opentelemetry-extension-incubator-1.35.0-alpha.jar;C:\Users\HP\.m2\repository\io\opentelemetry\opentelemetry-sdk\1.35.0\opentelemetry-sdk-1.35.0.jar;C:\Users\HP\.m2\repository\io\opentelemetry\opentelemetry-sdk-metrics\1.35.0\opentelemetry-sdk-metrics-1.35.0.jar;C:\Users\HP\.m2\repository\io\opentelemetry\opentelemetry-sdk-logs\1.35.0\opentelemetry-sdk-logs-1.35.0.jar;C:\Users\HP\.m2\repository\net\bytebuddy\byte-buddy\1.14.12\byte-buddy-1.14.12.jar;C:\Users\HP\.m2\repository\org\seleniumhq\selenium\selenium-os\4.18.1\selenium-os-4.18.1.jar;C:\Users\HP\.m2\repository\org\apache\commons\commons-exec\1.3\commons-exec-1.3.jar;C:\Users\HP\.m2\repository\org\seleniumhq\selenium\selenium-safari-driver\4.18.1\selenium-safari-driver-4.18.1.jar;C:\Users\HP\.m2\repository\org\seleniumhq\selenium\selenium-support\4.18.1\selenium-support-4.18.1.jar;C:\Users\HP\.m2\repository\org\testng\testng\7.9.0\testng-7.9.0.jar;C:\Users\HP\.m2\repository\org\slf4j\slf4j-api\1.7.36\slf4j-api-1.7.36.jar;C:\Users\HP\.m2\repository\com\beust\jcommander\1.82\jcommander-1.82.jar;C:\Users\HP\.m2\repository\org\webjars\jquery\3.7.1\jquery-3.7.1.jar
Launcher Type: SUN_STANDARD

[Global flags]
     intx CICompilerCount                          = 3                                         {product} {ergonomic}
     uint ConcGCThreads                            = 1                                         {product} {ergonomic}
     uint G1ConcRefinementThreads                  = 4                                         {product} {ergonomic}
   size_t G1HeapRegionSize                         = 1048576                                   {product} {ergonomic}
    uintx GCDrainStackTargetSize                   = 64                                        {product} {ergonomic}
   size_t InitialHeapSize                          = 67108864                                  {product} {ergonomic}
   size_t MarkStackSize                            = 4194304                                   {product} {ergonomic}
   size_t MaxHeapSize                              = 1046478848                                {product} {ergonomic}
   size_t MaxNewSize                               = 627048448                                 {product} {ergonomic}
   size_t MinHeapDeltaBytes                        = 1048576                                   {product} {ergonomic}
   size_t MinHeapSize                              = 8388608                                   {product} {ergonomic}
    uintx NonNMethodCodeHeapSize                   = 5832780                                {pd product} {ergonomic}
    uintx NonProfiledCodeHeapSize                  = 122912730                              {pd product} {ergonomic}
    uintx ProfiledCodeHeapSize                     = 122912730                              {pd product} {ergonomic}
    uintx ReservedCodeCacheSize                    = 251658240                              {pd product} {ergonomic}
     bool SegmentedCodeCache                       = true                                      {product} {ergonomic}
   size_t SoftMaxHeapSize                          = 1046478848                             {manageable} {ergonomic}
     bool UseCompressedOops                        = true                           {product lp64_product} {ergonomic}
     bool UseG1GC                                  = true                                      {product} {ergonomic}
     bool UseLargePagesIndividualAllocation        = false                                  {pd product} {ergonomic}

Logging:
Log output configuration:
 #0: stdout all=warning uptime,level,tags foldmultilines=false
 #1: stderr all=off uptime,level,tags foldmultilines=false

Environment Variables:
JAVA_HOME=C:\Program Files\Java\jdk-21
PATH=C:\Program Files\Common Files\Oracle\Java\javapath;C:\Windows\system32;C:\Windows;C:\Windows\System32\Wbem;C:\Windows\System32\WindowsPowerShell\v1.0\;C:\Windows\System32\OpenSSH\;C:\Program Files\Java\jdk-21\bin;C:\Program Files\Git\cmd;C:\Users\HP\AppData\Local\Microsoft\WindowsApps;
USERNAME=HP
OS=Windows_NT
PROCESSOR_IDENTIFIER=Intel64 Family 6 Model 42 Stepping 7, GenuineIntel
TMP=C:\Users\HP\AppData\Local\Temp
TEMP=C:\Users\HP\AppData\Local\Temp




Periodic native trim disabled

---------------  S Y S T E M  ---------------

OS:
 Windows 10 , 64 bit Build 19041 (10.0.19041.3636)
OS uptime: 1 days 23:07 hours

CPU: total 4 (initial active 4) (2 cores per cpu, 2 threads per core) family 6 model 42 stepping 7 microcode 0x2f, cx8, cmov, fxsr, ht, mmx, sse, sse2, sse3, ssse3, sse4.1, sse4.2, popcnt, tsc, tscinvbit, avx, clmul, vzeroupper, clflush, rdtscp
Processor Information for all 4 processors :
  Max Mhz: 2200, Current Mhz: 2200, Mhz Limit: 2200

Memory: 4k page, system-wide physical 3989M (147M free)
TotalPageFile size 16277M (AvailPageFile size 41M)
current process WorkingSet (physical memory assigned to process): 92M, peak: 103M
current process commit charge ("private bytes"): 166M, peak: 176M

vm_info: Java HotSpot(TM) 64-Bit Server VM (21.0.2+13-LTS-58) for windows-amd64 JRE (21.0.2+13-LTS-58), built on 2024-01-05T18:32:24Z by "mach5one" with MS VC++ 17.1 (VS2022)

END.
